Using pre-set license
Built from '2022.3/staging' branch; Version is '2022.3.34f1 (4886f5360533) revision 4753141'; Using compiler version '192829333'; Build Type 'Release'
OS: 'Windows 11  (10.0.22631) 64bit Enterprise' Language: 'en' Physical Memory: 32693 MB
BatchMode: 1, IsHumanControllingUs: 0, StartBugReporterOnCrash: 0, Is64bit: 1, IsPro: 1

COMMAND LINE ARGUMENTS:
C:\Program Files\Unity\Hub\Editor\2022.3.34f1\Editor\Unity.exe
-adb2
-batchMode
-noUpm
-name
AssetImportWorker1
-projectPath
C:/Users/pontu/Documents/GitHub/Thirdtimesacharm_game/ThirdTimesCharm_V2
-logFile
Logs/AssetImportWorker1.log
-srvPort
52521
Successfully changed project path to: C:/Users/pontu/Documents/GitHub/Thirdtimesacharm_game/ThirdTimesCharm_V2
C:/Users/pontu/Documents/GitHub/Thirdtimesacharm_game/ThirdTimesCharm_V2
[UnityMemory] Configuration Parameters - Can be set up in boot.config
    "memorysetup-bucket-allocator-granularity=16"
    "memorysetup-bucket-allocator-bucket-count=8"
    "memorysetup-bucket-allocator-block-size=33554432"
    "memorysetup-bucket-allocator-block-count=8"
    "memorysetup-main-allocator-block-size=16777216"
    "memorysetup-thread-allocator-block-size=16777216"
    "memorysetup-gfx-main-allocator-block-size=16777216"
    "memorysetup-gfx-thread-allocator-block-size=16777216"
    "memorysetup-cache-allocator-block-size=4194304"
    "memorysetup-typetree-allocator-block-size=2097152"
    "memorysetup-profiler-bucket-allocator-granularity=16"
    "memorysetup-profiler-bucket-allocator-bucket-count=8"
    "memorysetup-profiler-bucket-allocator-block-size=33554432"
    "memorysetup-profiler-bucket-allocator-block-count=8"
    "memorysetup-profiler-allocator-block-size=16777216"
    "memorysetup-profiler-editor-allocator-block-size=1048576"
    "memorysetup-temp-allocator-size-main=16777216"
    "memorysetup-job-temp-allocator-block-size=2097152"
    "memorysetup-job-temp-allocator-block-size-background=1048576"
    "memorysetup-job-temp-allocator-reduction-small-platforms=262144"
    "memorysetup-allocator-temp-initial-block-size-main=262144"
    "memorysetup-allocator-temp-initial-block-size-worker=262144"
    "memorysetup-temp-allocator-size-background-worker=32768"
    "memorysetup-temp-allocator-size-job-worker=262144"
    "memorysetup-temp-allocator-size-preload-manager=33554432"
    "memorysetup-temp-allocator-size-nav-mesh-worker=65536"
    "memorysetup-temp-allocator-size-audio-worker=65536"
    "memorysetup-temp-allocator-size-cloud-worker=32768"
    "memorysetup-temp-allocator-size-gi-baking-worker=262144"
    "memorysetup-temp-allocator-size-gfx=262144"
Player connection [8212] Host "[IP] 192.168.1.122 [Port] 0 [Flags] 2 [Guid] 3969796702 [EditorId] 3969796702 [Version] 1048832 [Id] WindowsEditor(7,SideSlut) [Debug] 1 [PackageName] WindowsEditor [ProjectName] Editor" joined multi-casting on [225.0.0.222:54997]...

Player connection [8212] Host "[IP] 192.168.1.122 [Port] 0 [Flags] 2 [Guid] 3969796702 [EditorId] 3969796702 [Version] 1048832 [Id] WindowsEditor(7,SideSlut) [Debug] 1 [PackageName] WindowsEditor [ProjectName] Editor" joined alternative multi-casting on [225.0.0.222:34997]...

[PhysX] Initialized MultithreadedTaskDispatcher with 12 workers.
Refreshing native plugins compatible for Editor in 9.73 ms, found 3 plugins.
Preloading 0 native plugins for Editor in 0.00 ms.
Initialize engine version: 2022.3.34f1 (4886f5360533)
[Subsystems] Discovering subsystems at path C:/Program Files/Unity/Hub/Editor/2022.3.34f1/Editor/Data/Resources/UnitySubsystems
[Subsystems] Discovering subsystems at path C:/Users/pontu/Documents/GitHub/Thirdtimesacharm_game/ThirdTimesCharm_V2/Assets
GfxDevice: creating device client; threaded=0; jobified=0
Direct3D:
    Version:  Direct3D 11.0 [level 11.1]
    Renderer: NVIDIA GeForce RTX 4060 (ID=0x2882)
    Vendor:   NVIDIA
    VRAM:     7957 MB
    Driver:   32.0.15.6094
Initialize mono
Mono path[0] = 'C:/Program Files/Unity/Hub/Editor/2022.3.34f1/Editor/Data/Managed'
Mono path[1] = 'C:/Program Files/Unity/Hub/Editor/2022.3.34f1/Editor/Data/MonoBleedingEdge/lib/mono/unityjit-win32'
Mono config path = 'C:/Program Files/Unity/Hub/Editor/2022.3.34f1/Editor/Data/MonoBleedingEdge/etc'
Using monoOptions --debugger-agent=transport=dt_socket,embedding=1,server=y,suspend=n,address=127.0.0.1:56760
Begin MonoManager ReloadAssembly
Registering precompiled unity dll's ...
Register platform support module: C:/Program Files/Unity/Hub/Editor/2022.3.34f1/Editor/Data/PlaybackEngines/WebGLSupport/UnityEditor.WebGL.Extensions.dll
Register platform support module: C:/Program Files/Unity/Hub/Editor/2022.3.34f1/Editor/Data/PlaybackEngines/WindowsStandaloneSupport/UnityEditor.WindowsStandalone.Extensions.dll
Registered in 0.005783 seconds.
- Loaded All Assemblies, in  0.375 seconds
Native extension for WindowsStandalone target not found
Native extension for WebGL target not found
Mono: successfully reloaded assembly
- Finished resetting the current domain, in  0.277 seconds
Domain Reload Profiling: 651ms
	BeginReloadAssembly (123ms)
		ExecutionOrderSort (0ms)
		DisableScriptedObjects (0ms)
		BackupInstance (0ms)
		ReleaseScriptingObjects (0ms)
		CreateAndSetChildDomain (1ms)
	RebuildCommonClasses (35ms)
	RebuildNativeTypeToScriptingClass (11ms)
	initialDomainReloadingComplete (55ms)
	LoadAllAssembliesAndSetupDomain (150ms)
		LoadAssemblies (121ms)
		RebuildTransferFunctionScriptingTraits (0ms)
		AnalyzeDomain (147ms)
			TypeCache.Refresh (146ms)
				TypeCache.ScanAssembly (133ms)
			ScanForSourceGeneratedMonoScriptInfo (0ms)
			ResolveRequiredComponents (0ms)
	FinalizeReload (277ms)
		ReleaseScriptCaches (0ms)
		RebuildScriptCaches (0ms)
		SetupLoadedEditorAssemblies (221ms)
			LogAssemblyErrors (0ms)
			InitializePlatformSupportModulesInManaged (10ms)
			SetLoadedEditorAssemblies (7ms)
			RefreshPlugins (0ms)
			BeforeProcessingInitializeOnLoad (3ms)
			ProcessInitializeOnLoadAttributes (152ms)
			ProcessInitializeOnLoadMethodAttributes (51ms)
			AfterProcessingInitializeOnLoad (0ms)
			EditorAssembliesLoaded (0ms)
		ExecutionOrderSort2 (0ms)
		AwakeInstancesAfterBackupRestoration (0ms)
========================================================================
Worker process is ready to serve import requests
Begin MonoManager ReloadAssembly
- Loaded All Assemblies, in  0.653 seconds
Refreshing native plugins compatible for Editor in 3.44 ms, found 3 plugins.
Native extension for WindowsStandalone target not found
Native extension for WebGL target not found
Package Manager log level set to [2]
[Package Manager] Server::EnsureServerProcessIsRunning -- launch failed, reason: Unity was launched with the -noUpm command-line argument
[Package Manager] UpmClient::Send -- Unable to send message (not connected to UPM process).
[Package Manager] Cannot connect to Unity Package Manager local server
Mono: successfully reloaded assembly
- Finished resetting the current domain, in  0.668 seconds
Domain Reload Profiling: 1319ms
	BeginReloadAssembly (155ms)
		ExecutionOrderSort (0ms)
		DisableScriptedObjects (5ms)
		BackupInstance (0ms)
		ReleaseScriptingObjects (0ms)
		CreateAndSetChildDomain (25ms)
	RebuildCommonClasses (31ms)
	RebuildNativeTypeToScriptingClass (9ms)
	initialDomainReloadingComplete (40ms)
	LoadAllAssembliesAndSetupDomain (417ms)
		LoadAssemblies (319ms)
		RebuildTransferFunctionScriptingTraits (0ms)
		AnalyzeDomain (188ms)
			TypeCache.Refresh (163ms)
				TypeCache.ScanAssembly (148ms)
			ScanForSourceGeneratedMonoScriptInfo (16ms)
			ResolveRequiredComponents (7ms)
	FinalizeReload (668ms)
		ReleaseScriptCaches (0ms)
		RebuildScriptCaches (0ms)
		SetupLoadedEditorAssemblies (505ms)
			LogAssemblyErrors (0ms)
			InitializePlatformSupportModulesInManaged (8ms)
			SetLoadedEditorAssemblies (4ms)
			RefreshPlugins (0ms)
			BeforeProcessingInitializeOnLoad (61ms)
			ProcessInitializeOnLoadAttributes (404ms)
			ProcessInitializeOnLoadMethodAttributes (21ms)
			AfterProcessingInitializeOnLoad (7ms)
			EditorAssembliesLoaded (0ms)
		ExecutionOrderSort2 (0ms)
		AwakeInstancesAfterBackupRestoration (8ms)
Launched and connected shader compiler UnityShaderCompiler.exe after 0.06 seconds
Refreshing native plugins compatible for Editor in 2.87 ms, found 3 plugins.
Preloading 0 native plugins for Editor in 0.00 ms.
Unloading 3279 Unused Serialized files (Serialized files now loaded: 0)
Unloading 46 unused Assets / (130.9 KB). Loaded Objects now: 3755.
Memory consumption went from 135.4 MB to 135.3 MB.
Total: 5.207000 ms (FindLiveObjects: 0.531200 ms CreateObjectMapping: 0.274900 ms MarkObjects: 4.107200 ms  DeleteObjects: 0.292000 ms)

AssetImportParameters requested are different than current active one (requested -> active):
  custom:container-demuxer-ogg: 62fdf1f143b41e24485cea50d1cbac27 -> 
  custom:video-codec-MediaFoundation-h265: 746d11721c4dcdbdad8f713fa42b33f4 -> 
  custom:video-decoder-ogg-theora: a1e56fd34408186e4bbccfd4996cb3dc -> 
  custom:framework-win-MediaFoundation: 216162199b28c13a410421893ffa2e32 -> 
  custom:CustomObjectIndexerAttribute: 9a22284fe3817be447336de3de66b15e -> 
  custom:container-demuxer-webm: 4f35f7cbe854078d1ac9338744f61a02 -> 
  custom:container-muxer-webm: aa71ff27fc2769a1b78a27578f13a17b -> 
  custom:video-decoder-webm-vp8: 9c59270c3fd7afecdb556c50c9e8de78 -> 
  custom:SearchIndexIgnoredProperties: e643bd26f0fe6173181afceb89e7c659 -> 
  custom:AudioImporter_EditorPlatform: d09bf68614088b80899f8185d706f6e7 -> 
  custom:video-encoder-webm-vp8: eb34c28f22e8b96e1ab97ce403110664 -> 
  custom:audio-decoder-ogg-vorbis: bf7c407c2cedff20999df2af8eb42d56 -> 
  custom:audio-encoder-webm-vorbis: bf7c407c2cedff20999df2af8eb42d56 -> 
========================================================================
Received Import Request.
  Time since last request: 2959695.843745 seconds.
  path: Assets/IMPORTED/POLY STYLE - Vegetation Pack 2/Vegetation Pack 2_URP/Settings/Global Volume Profile.asset
  artifactKey: Guid(c2b662fa3e9b2e249b483b6e9502124a) Importer(815301076,1909f56bfc062723c751e8b465ee728b)
Start importing Assets/IMPORTED/POLY STYLE - Vegetation Pack 2/Vegetation Pack 2_URP/Settings/Global Volume Profile.asset using Guid(c2b662fa3e9b2e249b483b6e9502124a) Importer(815301076,1909f56bfc062723c751e8b465ee728b) [PhysX] Initialized MultithreadedTaskDispatcher with 12 workers.
 -> (artifact id: 'feecb9129d0a4dcb302cca0aff96cacd') in 0.004823 seconds
Number of updated asset objects reloaded before import = 0
Number of asset objects unloaded after import = 1
========================================================================
Received Import Request.
  Time since last request: 14.584732 seconds.
  path: Assets/IMPORTED/POLY STYLE - Vegetation Pack 2/Vegetation Pack 2_URP/Prefabs/Environments/Buildings_2.prefab
  artifactKey: Guid(54d3d5dd826c0274599223d08de55ef0) Importer(815301076,1909f56bfc062723c751e8b465ee728b)
Start importing Assets/IMPORTED/POLY STYLE - Vegetation Pack 2/Vegetation Pack 2_URP/Prefabs/Environments/Buildings_2.prefab using Guid(54d3d5dd826c0274599223d08de55ef0) Importer(815301076,1909f56bfc062723c751e8b465ee728b) [PhysX] Initialized MultithreadedTaskDispatcher with 12 workers.
[PhysX] Initialized MultithreadedTaskDispatcher with 12 workers.
 -> (artifact id: '571bf1307d6c1d266d5b8908cfa46520') in 0.105320 seconds
Number of updated asset objects reloaded before import = 0
Number of asset objects unloaded after import = 15
========================================================================
Received Import Request.
  Time since last request: 0.000029 seconds.
  path: Assets/IMPORTED/POLY STYLE - Vegetation Pack 2/Vegetation Pack 2_URP/Prefabs/Environments/Hill_8.prefab
  artifactKey: Guid(1a9401870d05d514f9d98f628de11787) Importer(815301076,1909f56bfc062723c751e8b465ee728b)
Start importing Assets/IMPORTED/POLY STYLE - Vegetation Pack 2/Vegetation Pack 2_URP/Prefabs/Environments/Hill_8.prefab using Guid(1a9401870d05d514f9d98f628de11787) Importer(815301076,1909f56bfc062723c751e8b465ee728b) [PhysX] Initialized MultithreadedTaskDispatcher with 12 workers.
[PhysX] Initialized MultithreadedTaskDispatcher with 12 workers.
 -> (artifact id: '77ce7d5e2e0ece09f19761792297e883') in 0.016088 seconds
Number of updated asset objects reloaded before import = 0
Number of asset objects unloaded after import = 9
========================================================================
Received Import Request.
  Time since last request: 0.000021 seconds.
  path: Assets/IMPORTED/POLY STYLE - Vegetation Pack 2/Vegetation Pack 2_URP/Prefabs/Environments/Hill_5.prefab
  artifactKey: Guid(b476b60245459e5438d1c83bc244a685) Importer(815301076,1909f56bfc062723c751e8b465ee728b)
Start importing Assets/IMPORTED/POLY STYLE - Vegetation Pack 2/Vegetation Pack 2_URP/Prefabs/Environments/Hill_5.prefab using Guid(b476b60245459e5438d1c83bc244a685) Importer(815301076,1909f56bfc062723c751e8b465ee728b) [PhysX] Initialized MultithreadedTaskDispatcher with 12 workers.
[PhysX] Initialized MultithreadedTaskDispatcher with 12 workers.
 -> (artifact id: '04a8d911a46af0a295600f594a81cfb9') in 0.019412 seconds
Number of updated asset objects reloaded before import = 0
Number of asset objects unloaded after import = 10
========================================================================
Received Import Request.
  Time since last request: 0.000020 seconds.
  path: Assets/IMPORTED/POLY STYLE - Vegetation Pack 2/Vegetation Pack 2_URP/Prefabs/Environments/Water.prefab
  artifactKey: Guid(12ddcb5d697da4f4eb923afcccfdf9df) Importer(815301076,1909f56bfc062723c751e8b465ee728b)
Start importing Assets/IMPORTED/POLY STYLE - Vegetation Pack 2/Vegetation Pack 2_URP/Prefabs/Environments/Water.prefab using Guid(12ddcb5d697da4f4eb923afcccfdf9df) Importer(815301076,1909f56bfc062723c751e8b465ee728b) [PhysX] Initialized MultithreadedTaskDispatcher with 12 workers.
[PhysX] Initialized MultithreadedTaskDispatcher with 12 workers.
 -> (artifact id: 'a0f5d54acd7c1f6c821a56953d64612f') in 0.018231 seconds
Number of updated asset objects reloaded before import = 0
Number of asset objects unloaded after import = 9
========================================================================
Received Import Request.
  Time since last request: 0.000029 seconds.
  path: Assets/IMPORTED/POLY STYLE - Vegetation Pack 2/Vegetation Pack 2_URP/Prefabs/Environments/Grass_8.prefab
  artifactKey: Guid(341b2b379a438144295586b2316543f4) Importer(815301076,1909f56bfc062723c751e8b465ee728b)
Start importing Assets/IMPORTED/POLY STYLE - Vegetation Pack 2/Vegetation Pack 2_URP/Prefabs/Environments/Grass_8.prefab using Guid(341b2b379a438144295586b2316543f4) Importer(815301076,1909f56bfc062723c751e8b465ee728b) [PhysX] Initialized MultithreadedTaskDispatcher with 12 workers.
[PhysX] Initialized MultithreadedTaskDispatcher with 12 workers.
 -> (artifact id: 'c6bf11ee0d730cb2b14ca314146e2fc3') in 0.014499 seconds
Number of updated asset objects reloaded before import = 0
Number of asset objects unloaded after import = 10
========================================================================
Received Import Request.
  Time since last request: 0.000025 seconds.
  path: Assets/IMPORTED/POLY STYLE - Vegetation Pack 2/Vegetation Pack 2_URP/Prefabs/Environments/Grass_5.prefab
  artifactKey: Guid(99ae1c51474514944863dde895daeea9) Importer(815301076,1909f56bfc062723c751e8b465ee728b)
Start importing Assets/IMPORTED/POLY STYLE - Vegetation Pack 2/Vegetation Pack 2_URP/Prefabs/Environments/Grass_5.prefab using Guid(99ae1c51474514944863dde895daeea9) Importer(815301076,1909f56bfc062723c751e8b465ee728b) [PhysX] Initialized MultithreadedTaskDispatcher with 12 workers.
[PhysX] Initialized MultithreadedTaskDispatcher with 12 workers.
 -> (artifact id: '5077ceb61721f32289f2c5e8f80a3e25') in 0.010288 seconds
Number of updated asset objects reloaded before import = 0
Number of asset objects unloaded after import = 10
========================================================================
Received Import Request.
  Time since last request: 0.000028 seconds.
  path: Assets/IMPORTED/POLY STYLE - Vegetation Pack 2/Vegetation Pack 2_URP/Prefabs/Environments/Buildings_5.prefab
  artifactKey: Guid(45d9dba3466b2454da6cb7231284b4fb) Importer(815301076,1909f56bfc062723c751e8b465ee728b)
Start importing Assets/IMPORTED/POLY STYLE - Vegetation Pack 2/Vegetation Pack 2_URP/Prefabs/Environments/Buildings_5.prefab using Guid(45d9dba3466b2454da6cb7231284b4fb) Importer(815301076,1909f56bfc062723c751e8b465ee728b) [PhysX] Initialized MultithreadedTaskDispatcher with 12 workers.
[PhysX] Initialized MultithreadedTaskDispatcher with 12 workers.
 -> (artifact id: 'cb7f9c3d329ee2838491e8ca432df880') in 0.012848 seconds
Number of updated asset objects reloaded before import = 0
Number of asset objects unloaded after import = 11
========================================================================
Received Import Request.
  Time since last request: 0.000016 seconds.
  path: Assets/IMPORTED/POLY STYLE - Vegetation Pack 2/Vegetation Pack 2_URP/Prefabs/Environments/Hill_9.prefab
  artifactKey: Guid(2776a7fa1c32cf744999907b5da1c4f6) Importer(815301076,1909f56bfc062723c751e8b465ee728b)
Start importing Assets/IMPORTED/POLY STYLE - Vegetation Pack 2/Vegetation Pack 2_URP/Prefabs/Environments/Hill_9.prefab using Guid(2776a7fa1c32cf744999907b5da1c4f6) Importer(815301076,1909f56bfc062723c751e8b465ee728b) [PhysX] Initialized MultithreadedTaskDispatcher with 12 workers.
[PhysX] Initialized MultithreadedTaskDispatcher with 12 workers.
 -> (artifact id: 'e237c9a912d5f7cdea68fb6d55e6b581') in 0.012010 seconds
Number of updated asset objects reloaded before import = 0
Number of asset objects unloaded after import = 9
========================================================================
Received Import Request.
  Time since last request: 0.000031 seconds.
  path: Assets/IMPORTED/POLY STYLE - Vegetation Pack 2/Vegetation Pack 2_URP/Prefabs/Environments/Environment_17.prefab
  artifactKey: Guid(52107b2272c662f448c4a5271185d170) Importer(815301076,1909f56bfc062723c751e8b465ee728b)
Start importing Assets/IMPORTED/POLY STYLE - Vegetation Pack 2/Vegetation Pack 2_URP/Prefabs/Environments/Environment_17.prefab using Guid(52107b2272c662f448c4a5271185d170) Importer(815301076,1909f56bfc062723c751e8b465ee728b) [PhysX] Initialized MultithreadedTaskDispatcher with 12 workers.
[PhysX] Initialized MultithreadedTaskDispatcher with 12 workers.
 -> (artifact id: 'b047e9961093dee41962293c007fca81') in 0.016383 seconds
Number of updated asset objects reloaded before import = 0
Number of asset objects unloaded after import = 12
========================================================================
Received Import Request.
  Time since last request: 0.000024 seconds.
  path: Assets/IMPORTED/POLY STYLE - Vegetation Pack 2/Vegetation Pack 2_URP/Prefabs/Environments/Grass_7.prefab
  artifactKey: Guid(37b6d42c72d24bf40b54953440a2d8fd) Importer(815301076,1909f56bfc062723c751e8b465ee728b)
Start importing Assets/IMPORTED/POLY STYLE - Vegetation Pack 2/Vegetation Pack 2_URP/Prefabs/Environments/Grass_7.prefab using Guid(37b6d42c72d24bf40b54953440a2d8fd) Importer(815301076,1909f56bfc062723c751e8b465ee728b) [PhysX] Initialized MultithreadedTaskDispatcher with 12 workers.
[PhysX] Initialized MultithreadedTaskDispatcher with 12 workers.
 -> (artifact id: 'dd14d1bc6d7e9d1802f7bf0e64c24783') in 0.013204 seconds
Number of updated asset objects reloaded before import = 0
Number of asset objects unloaded after import = 10
========================================================================
Received Import Request.
  Time since last request: 0.000020 seconds.
  path: Assets/IMPORTED/POLY STYLE - Vegetation Pack 2/Vegetation Pack 2_URP/Prefabs/Environments/Environment_5.prefab
  artifactKey: Guid(aa68a8a508c6ced439b05e1c464a7272) Importer(815301076,1909f56bfc062723c751e8b465ee728b)
Start importing Assets/IMPORTED/POLY STYLE - Vegetation Pack 2/Vegetation Pack 2_URP/Prefabs/Environments/Environment_5.prefab using Guid(aa68a8a508c6ced439b05e1c464a7272) Importer(815301076,1909f56bfc062723c751e8b465ee728b) [PhysX] Initialized MultithreadedTaskDispatcher with 12 workers.
[PhysX] Initialized MultithreadedTaskDispatcher with 12 workers.
 -> (artifact id: '2ca597611f6bae55852fb433bbc39d78') in 0.012810 seconds
Number of updated asset objects reloaded before import = 0
Number of asset objects unloaded after import = 10
========================================================================
Received Import Request.
  Time since last request: 0.000022 seconds.
  path: Assets/IMPORTED/POLY STYLE - Vegetation Pack 2/Vegetation Pack 2_URP/Prefabs/Environments/Environment_13.prefab
  artifactKey: Guid(d774498a91a1e494685777acbc8a3563) Importer(815301076,1909f56bfc062723c751e8b465ee728b)
Start importing Assets/IMPORTED/POLY STYLE - Vegetation Pack 2/Vegetation Pack 2_URP/Prefabs/Environments/Environment_13.prefab using Guid(d774498a91a1e494685777acbc8a3563) Importer(815301076,1909f56bfc062723c751e8b465ee728b) [PhysX] Initialized MultithreadedTaskDispatcher with 12 workers.
[PhysX] Initialized MultithreadedTaskDispatcher with 12 workers.
 -> (artifact id: '7b280a7151df713bd9dccfb6e86e76f2') in 0.012677 seconds
Number of updated asset objects reloaded before import = 0
Number of asset objects unloaded after import = 12
========================================================================
Received Import Request.
  Time since last request: 0.000018 seconds.
  path: Assets/IMPORTED/POLY STYLE - Vegetation Pack 2/Vegetation Pack 2_URP/Prefabs/Environments/Environment_4.prefab
  artifactKey: Guid(e99979b7a9fa79144b536734205b5bc4) Importer(815301076,1909f56bfc062723c751e8b465ee728b)
Start importing Assets/IMPORTED/POLY STYLE - Vegetation Pack 2/Vegetation Pack 2_URP/Prefabs/Environments/Environment_4.prefab using Guid(e99979b7a9fa79144b536734205b5bc4) Importer(815301076,1909f56bfc062723c751e8b465ee728b) [PhysX] Initialized MultithreadedTaskDispatcher with 12 workers.
[PhysX] Initialized MultithreadedTaskDispatcher with 12 workers.
 -> (artifact id: 'bf2694afed3b155bf638e1e5b47e63a4') in 0.012839 seconds
Number of updated asset objects reloaded before import = 0
Number of asset objects unloaded after import = 11
========================================================================
Received Import Request.
  Time since last request: 0.000018 seconds.
  path: Assets/IMPORTED/POLY STYLE - Vegetation Pack 2/Vegetation Pack 2_URP/Prefabs/Environments/Grass_11.prefab
  artifactKey: Guid(91e669c4923002649b9c9abe81edb866) Importer(815301076,1909f56bfc062723c751e8b465ee728b)
Start importing Assets/IMPORTED/POLY STYLE - Vegetation Pack 2/Vegetation Pack 2_URP/Prefabs/Environments/Grass_11.prefab using Guid(91e669c4923002649b9c9abe81edb866) Importer(815301076,1909f56bfc062723c751e8b465ee728b) [PhysX] Initialized MultithreadedTaskDispatcher with 12 workers.
[PhysX] Initialized MultithreadedTaskDispatcher with 12 workers.
 -> (artifact id: '3b668198156c20f5b9f73535d8250ec3') in 0.011785 seconds
Number of updated asset objects reloaded before import = 0
Number of asset objects unloaded after import = 10
========================================================================
Received Import Request.
  Time since last request: 0.000015 seconds.
  path: Assets/IMPORTED/POLY STYLE - Vegetation Pack 2/Vegetation Pack 2_URP/Prefabs/Environments/Buildings_4.prefab
  artifactKey: Guid(0bfcd5a4505662a4d839ee72f680d431) Importer(815301076,1909f56bfc062723c751e8b465ee728b)
Start importing Assets/IMPORTED/POLY STYLE - Vegetation Pack 2/Vegetation Pack 2_URP/Prefabs/Environments/Buildings_4.prefab using Guid(0bfcd5a4505662a4d839ee72f680d431) Importer(815301076,1909f56bfc062723c751e8b465ee728b) [PhysX] Initialized MultithreadedTaskDispatcher with 12 workers.
[PhysX] Initialized MultithreadedTaskDispatcher with 12 workers.
 -> (artifact id: '2adc4e7cfd7635a097df16fe1f9c3dab') in 0.013652 seconds
Number of updated asset objects reloaded before import = 0
Number of asset objects unloaded after import = 11
========================================================================
Received Import Request.
  Time since last request: 0.000023 seconds.
  path: Assets/IMPORTED/POLY STYLE - Vegetation Pack 2/Vegetation Pack 2_URP/Prefabs/Environments/Hill_7.prefab
  artifactKey: Guid(44297fd06bdc6fd4fb936efba41ba649) Importer(815301076,1909f56bfc062723c751e8b465ee728b)
Start importing Assets/IMPORTED/POLY STYLE - Vegetation Pack 2/Vegetation Pack 2_URP/Prefabs/Environments/Hill_7.prefab using Guid(44297fd06bdc6fd4fb936efba41ba649) Importer(815301076,1909f56bfc062723c751e8b465ee728b) [PhysX] Initialized MultithreadedTaskDispatcher with 12 workers.
[PhysX] Initialized MultithreadedTaskDispatcher with 12 workers.
 -> (artifact id: '93d16e309836c63f6be90a04b606b0d1') in 0.012317 seconds
Number of updated asset objects reloaded before import = 0
Number of asset objects unloaded after import = 9
========================================================================
Received Import Request.
  Time since last request: 0.000033 seconds.
  path: Assets/IMPORTED/POLY STYLE - Vegetation Pack 2/Vegetation Pack 2_URP/Prefabs/Environments/Hill_1.prefab
  artifactKey: Guid(124aed40b13c6bc47ad8263965fad555) Importer(815301076,1909f56bfc062723c751e8b465ee728b)
Start importing Assets/IMPORTED/POLY STYLE - Vegetation Pack 2/Vegetation Pack 2_URP/Prefabs/Environments/Hill_1.prefab using Guid(124aed40b13c6bc47ad8263965fad555) Importer(815301076,1909f56bfc062723c751e8b465ee728b) [PhysX] Initialized MultithreadedTaskDispatcher with 12 workers.
[PhysX] Initialized MultithreadedTaskDispatcher with 12 workers.
 -> (artifact id: '5c406a4a4f293a41958ebc76d4bb7043') in 0.013189 seconds
Number of updated asset objects reloaded before import = 0
Number of asset objects unloaded after import = 10
========================================================================
Received Import Request.
  Time since last request: 0.000019 seconds.
  path: Assets/IMPORTED/POLY STYLE - Vegetation Pack 2/Vegetation Pack 2_URP/Prefabs/Environments/Stone_2.prefab
  artifactKey: Guid(c887ec34e8e7921418ad4553cddda9eb) Importer(815301076,1909f56bfc062723c751e8b465ee728b)
Start importing Assets/IMPORTED/POLY STYLE - Vegetation Pack 2/Vegetation Pack 2_URP/Prefabs/Environments/Stone_2.prefab using Guid(c887ec34e8e7921418ad4553cddda9eb) Importer(815301076,1909f56bfc062723c751e8b465ee728b) [PhysX] Initialized MultithreadedTaskDispatcher with 12 workers.
[PhysX] Initialized MultithreadedTaskDispatcher with 12 workers.
 -> (artifact id: 'd20ae3da0da06571384b58b16446e8ec') in 0.014571 seconds
Number of updated asset objects reloaded before import = 0
Number of asset objects unloaded after import = 11
========================================================================
Received Import Request.
  Time since last request: 0.000016 seconds.
  path: Assets/IMPORTED/POLY STYLE - Vegetation Pack 2/Vegetation Pack 2_URP/Prefabs/Environments/Stone_1.prefab
  artifactKey: Guid(bcb10245bb4ddb7418832f3d0ed06c3b) Importer(815301076,1909f56bfc062723c751e8b465ee728b)
Start importing Assets/IMPORTED/POLY STYLE - Vegetation Pack 2/Vegetation Pack 2_URP/Prefabs/Environments/Stone_1.prefab using Guid(bcb10245bb4ddb7418832f3d0ed06c3b) Importer(815301076,1909f56bfc062723c751e8b465ee728b) [PhysX] Initialized MultithreadedTaskDispatcher with 12 workers.
[PhysX] Initialized MultithreadedTaskDispatcher with 12 workers.
 -> (artifact id: 'e324a2af0d5fcc7a90b5013fec77623d') in 0.014323 seconds
Number of updated asset objects reloaded before import = 0
Number of asset objects unloaded after import = 11
========================================================================
Received Import Request.
  Time since last request: 0.000026 seconds.
  path: Assets/IMPORTED/POLY STYLE - Vegetation Pack 2/Vegetation Pack 2_URP/Prefabs/Environments/Environment_9.prefab
  artifactKey: Guid(fe4b3d10fd2c1a44fa02cc1a3eb2cfc2) Importer(815301076,1909f56bfc062723c751e8b465ee728b)
Start importing Assets/IMPORTED/POLY STYLE - Vegetation Pack 2/Vegetation Pack 2_URP/Prefabs/Environments/Environment_9.prefab using Guid(fe4b3d10fd2c1a44fa02cc1a3eb2cfc2) Importer(815301076,1909f56bfc062723c751e8b465ee728b) [PhysX] Initialized MultithreadedTaskDispatcher with 12 workers.
[PhysX] Initialized MultithreadedTaskDispatcher with 12 workers.
 -> (artifact id: '30ab0656b68b709f3ec28e8f60acebda') in 0.014848 seconds
Number of updated asset objects reloaded before import = 0
Number of asset objects unloaded after import = 12
========================================================================
Received Import Request.
  Time since last request: 0.000027 seconds.
  path: Assets/IMPORTED/POLY STYLE - Vegetation Pack 2/Vegetation Pack 2_URP/Prefabs/Environments/Hill_4.prefab
  artifactKey: Guid(7180a840e9c19014faf9820ff41bad6a) Importer(815301076,1909f56bfc062723c751e8b465ee728b)
Start importing Assets/IMPORTED/POLY STYLE - Vegetation Pack 2/Vegetation Pack 2_URP/Prefabs/Environments/Hill_4.prefab using Guid(7180a840e9c19014faf9820ff41bad6a) Importer(815301076,1909f56bfc062723c751e8b465ee728b) [PhysX] Initialized MultithreadedTaskDispatcher with 12 workers.
[PhysX] Initialized MultithreadedTaskDispatcher with 12 workers.
 -> (artifact id: '2e6010861f0090723b0d35eaddfb0f73') in 0.012285 seconds
Number of updated asset objects reloaded before import = 0
Number of asset objects unloaded after import = 10
========================================================================
Received Import Request.
  Time since last request: 0.000021 seconds.
  path: Assets/IMPORTED/POLY STYLE - Vegetation Pack 2/Vegetation Pack 2_URP/Prefabs/Environments/Environment_3.prefab
  artifactKey: Guid(0b59b948cd9f23c49a2c126f678152ac) Importer(815301076,1909f56bfc062723c751e8b465ee728b)
Start importing Assets/IMPORTED/POLY STYLE - Vegetation Pack 2/Vegetation Pack 2_URP/Prefabs/Environments/Environment_3.prefab using Guid(0b59b948cd9f23c49a2c126f678152ac) Importer(815301076,1909f56bfc062723c751e8b465ee728b) [PhysX] Initialized MultithreadedTaskDispatcher with 12 workers.
[PhysX] Initialized MultithreadedTaskDispatcher with 12 workers.
 -> (artifact id: 'b456e8011dcdb25dd3ac8cbd4f7074e5') in 0.012036 seconds
Number of updated asset objects reloaded before import = 0
Number of asset objects unloaded after import = 11
========================================================================
Received Import Request.
  Time since last request: 0.000021 seconds.
  path: Assets/IMPORTED/POLY STYLE - Vegetation Pack 2/Vegetation Pack 2_URP/Prefabs/Environments/Grass_3.prefab
  artifactKey: Guid(5071f353ce208ee4ca495bde38f2d514) Importer(815301076,1909f56bfc062723c751e8b465ee728b)
Start importing Assets/IMPORTED/POLY STYLE - Vegetation Pack 2/Vegetation Pack 2_URP/Prefabs/Environments/Grass_3.prefab using Guid(5071f353ce208ee4ca495bde38f2d514) Importer(815301076,1909f56bfc062723c751e8b465ee728b) [PhysX] Initialized MultithreadedTaskDispatcher with 12 workers.
[PhysX] Initialized MultithreadedTaskDispatcher with 12 workers.
 -> (artifact id: 'ed80ec4fc1fb1fad179f2f786de4afbd') in 0.012958 seconds
Number of updated asset objects reloaded before import = 0
Number of asset objects unloaded after import = 10
========================================================================
Received Import Request.
  Time since last request: 0.000024 seconds.
  path: Assets/IMPORTED/POLY STYLE - Vegetation Pack 2/Vegetation Pack 2_URP/Prefabs/Environments/Environment_11.prefab
  artifactKey: Guid(e6286608d5204994c98d6faabe2e47fc) Importer(815301076,1909f56bfc062723c751e8b465ee728b)
Start importing Assets/IMPORTED/POLY STYLE - Vegetation Pack 2/Vegetation Pack 2_URP/Prefabs/Environments/Environment_11.prefab using Guid(e6286608d5204994c98d6faabe2e47fc) Importer(815301076,1909f56bfc062723c751e8b465ee728b) [PhysX] Initialized MultithreadedTaskDispatcher with 12 workers.
[PhysX] Initialized MultithreadedTaskDispatcher with 12 workers.
 -> (artifact id: 'ed8fc3c2566648f85f3aa953ab38202f') in 0.012593 seconds
Number of updated asset objects reloaded before import = 0
Number of asset objects unloaded after import = 12
========================================================================
Received Import Request.
  Time since last request: 12.936240 seconds.
  path: Assets/IMPORTED/POLY STYLE - Vegetation Pack 2/Vegetation Pack 2_URP/Art/Materials/Environments/Building-3.mat
  artifactKey: Guid(e36ce1d7be917034dacd3f9955d674b8) Importer(815301076,1909f56bfc062723c751e8b465ee728b)
Start importing Assets/IMPORTED/POLY STYLE - Vegetation Pack 2/Vegetation Pack 2_URP/Art/Materials/Environments/Building-3.mat using Guid(e36ce1d7be917034dacd3f9955d674b8) Importer(815301076,1909f56bfc062723c751e8b465ee728b) [PhysX] Initialized MultithreadedTaskDispatcher with 12 workers.
[PhysX] Initialized MultithreadedTaskDispatcher with 12 workers.
 -> (artifact id: '97fe0b6e9f5ffe16b9b7971c3a22a066') in 0.022193 seconds
Number of updated asset objects reloaded before import = 0
Number of asset objects unloaded after import = 1
========================================================================
Received Import Request.
  Time since last request: 0.000018 seconds.
  path: Assets/IMPORTED/POLY STYLE - Vegetation Pack 2/Vegetation Pack 2_URP/Art/Materials/Environments/Terrain-2.mat
  artifactKey: Guid(3ff2e87803b909e48a54a678429c9220) Importer(815301076,1909f56bfc062723c751e8b465ee728b)
Start importing Assets/IMPORTED/POLY STYLE - Vegetation Pack 2/Vegetation Pack 2_URP/Art/Materials/Environments/Terrain-2.mat using Guid(3ff2e87803b909e48a54a678429c9220) Importer(815301076,1909f56bfc062723c751e8b465ee728b) [PhysX] Initialized MultithreadedTaskDispatcher with 12 workers.
[PhysX] Initialized MultithreadedTaskDispatcher with 12 workers.
 -> (artifact id: 'd0b221b2544df23812be3a1cf575633e') in 0.006506 seconds
Number of updated asset objects reloaded before import = 0
Number of asset objects unloaded after import = 2
========================================================================
Received Import Request.
  Time since last request: 0.000018 seconds.
  path: Assets/IMPORTED/POLY STYLE - Vegetation Pack 2/Vegetation Pack 2_URP/Art/Materials/Environments/Environment-10.mat
  artifactKey: Guid(275c76ef1f1cc7b4788c1595bcbf15a6) Importer(815301076,1909f56bfc062723c751e8b465ee728b)
Start importing Assets/IMPORTED/POLY STYLE - Vegetation Pack 2/Vegetation Pack 2_URP/Art/Materials/Environments/Environment-10.mat using Guid(275c76ef1f1cc7b4788c1595bcbf15a6) Importer(815301076,1909f56bfc062723c751e8b465ee728b) [PhysX] Initialized MultithreadedTaskDispatcher with 12 workers.
[PhysX] Initialized MultithreadedTaskDispatcher with 12 workers.
 -> (artifact id: '829a39c73a44b3a1dee2fd25db04c6f0') in 0.006633 seconds
Number of updated asset objects reloaded before import = 0
Number of asset objects unloaded after import = 1
========================================================================
Received Import Request.
  Time since last request: 0.000013 seconds.
  path: Assets/IMPORTED/POLY STYLE - Vegetation Pack 2/Vegetation Pack 2_URP/Art/Materials/Environments/Building-4.mat
  artifactKey: Guid(bb7b843a4d2256f489cc05cd9d2911cd) Importer(815301076,1909f56bfc062723c751e8b465ee728b)
Start importing Assets/IMPORTED/POLY STYLE - Vegetation Pack 2/Vegetation Pack 2_URP/Art/Materials/Environments/Building-4.mat using Guid(bb7b843a4d2256f489cc05cd9d2911cd) Importer(815301076,1909f56bfc062723c751e8b465ee728b) [PhysX] Initialized MultithreadedTaskDispatcher with 12 workers.
[PhysX] Initialized MultithreadedTaskDispatcher with 12 workers.
 -> (artifact id: '646d4c245e33e422870592e304542af6') in 0.005518 seconds
Number of updated asset objects reloaded before import = 0
Number of asset objects unloaded after import = 1
========================================================================
Received Import Request.
  Time since last request: 0.000013 seconds.
  path: Assets/IMPORTED/POLY STYLE - Vegetation Pack 2/Vegetation Pack 2_URP/Art/Materials/Environments/Environment-7.mat
  artifactKey: Guid(85a9b52a53ed1da4a94fae65637a8585) Importer(815301076,1909f56bfc062723c751e8b465ee728b)
Start importing Assets/IMPORTED/POLY STYLE - Vegetation Pack 2/Vegetation Pack 2_URP/Art/Materials/Environments/Environment-7.mat using Guid(85a9b52a53ed1da4a94fae65637a8585) Importer(815301076,1909f56bfc062723c751e8b465ee728b) [PhysX] Initialized MultithreadedTaskDispatcher with 12 workers.
[PhysX] Initialized MultithreadedTaskDispatcher with 12 workers.
 -> (artifact id: '8fd9f6f1830d1968f88f880405556e79') in 0.005394 seconds
Number of updated asset objects reloaded before import = 0
Number of asset objects unloaded after import = 1
========================================================================
Received Import Request.
  Time since last request: 0.000013 seconds.
  path: Assets/IMPORTED/POLY STYLE - Vegetation Pack 2/Vegetation Pack 2_URP/Art/Materials/Environments/Building-9.mat
  artifactKey: Guid(940fbfcd8beff2b49a244a02f92d1328) Importer(815301076,1909f56bfc062723c751e8b465ee728b)
Start importing Assets/IMPORTED/POLY STYLE - Vegetation Pack 2/Vegetation Pack 2_URP/Art/Materials/Environments/Building-9.mat using Guid(940fbfcd8beff2b49a244a02f92d1328) Importer(815301076,1909f56bfc062723c751e8b465ee728b) [PhysX] Initialized MultithreadedTaskDispatcher with 12 workers.
[PhysX] Initialized MultithreadedTaskDispatcher with 12 workers.
 -> (artifact id: '4f2fd310c57f573df940468496941c9b') in 0.005230 seconds
Number of updated asset objects reloaded before import = 0
Number of asset objects unloaded after import = 1
========================================================================
Received Import Request.
  Time since last request: 0.000016 seconds.
  path: Assets/IMPORTED/POLY STYLE - Vegetation Pack 2/Vegetation Pack 2_URP/Art/Materials/Environments/Environment-3.mat
  artifactKey: Guid(4ae61aa64313b7345838725b2bb2e6ac) Importer(815301076,1909f56bfc062723c751e8b465ee728b)
Start importing Assets/IMPORTED/POLY STYLE - Vegetation Pack 2/Vegetation Pack 2_URP/Art/Materials/Environments/Environment-3.mat using Guid(4ae61aa64313b7345838725b2bb2e6ac) Importer(815301076,1909f56bfc062723c751e8b465ee728b) [PhysX] Initialized MultithreadedTaskDispatcher with 12 workers.
[PhysX] Initialized MultithreadedTaskDispatcher with 12 workers.
 -> (artifact id: '526998423c761154f362440259dbed59') in 0.005521 seconds
Number of updated asset objects reloaded before import = 0
Number of asset objects unloaded after import = 1
========================================================================
Received Import Request.
  Time since last request: 0.000012 seconds.
  path: Assets/IMPORTED/POLY STYLE - Vegetation Pack 2/Vegetation Pack 2_URP/Art/Materials/Environments/Environment-11.mat
  artifactKey: Guid(0aa9389f007ed3b4188d260673c3d04e) Importer(815301076,1909f56bfc062723c751e8b465ee728b)
Start importing Assets/IMPORTED/POLY STYLE - Vegetation Pack 2/Vegetation Pack 2_URP/Art/Materials/Environments/Environment-11.mat using Guid(0aa9389f007ed3b4188d260673c3d04e) Importer(815301076,1909f56bfc062723c751e8b465ee728b) [PhysX] Initialized MultithreadedTaskDispatcher with 12 workers.
[PhysX] Initialized MultithreadedTaskDispatcher with 12 workers.
 -> (artifact id: '6a2e07925589092c1dbf5905d89224a3') in 0.005131 seconds
Number of updated asset objects reloaded before import = 0
Number of asset objects unloaded after import = 1
========================================================================
Received Import Request.
  Time since last request: 0.000022 seconds.
  path: Assets/IMPORTED/POLY STYLE - Vegetation Pack 2/Vegetation Pack 2_URP/Art/Materials/Environments/Environment-12.mat
  artifactKey: Guid(b17d5188d9b552f4985beae5011350b1) Importer(815301076,1909f56bfc062723c751e8b465ee728b)
Start importing Assets/IMPORTED/POLY STYLE - Vegetation Pack 2/Vegetation Pack 2_URP/Art/Materials/Environments/Environment-12.mat using Guid(b17d5188d9b552f4985beae5011350b1) Importer(815301076,1909f56bfc062723c751e8b465ee728b) [PhysX] Initialized MultithreadedTaskDispatcher with 12 workers.
[PhysX] Initialized MultithreadedTaskDispatcher with 12 workers.
 -> (artifact id: '7667911a1b1a0d53e38d111f363c6f38') in 0.008061 seconds
Number of updated asset objects reloaded before import = 0
Number of asset objects unloaded after import = 1
========================================================================
Received Import Request.
  Time since last request: 22.408049 seconds.
  path: Assets/IMPORTED/POLY STYLE - Vegetation Pack 2/Vegetation Pack 2_URP/Art/Textures/No Fishing.png
  artifactKey: Guid(f61babbcc757cbe4fae9b1a8bf4b7464) Importer(815301076,1909f56bfc062723c751e8b465ee728b)
Start importing Assets/IMPORTED/POLY STYLE - Vegetation Pack 2/Vegetation Pack 2_URP/Art/Textures/No Fishing.png using Guid(f61babbcc757cbe4fae9b1a8bf4b7464) Importer(815301076,1909f56bfc062723c751e8b465ee728b) [PhysX] Initialized MultithreadedTaskDispatcher with 12 workers.
[PhysX] Initialized MultithreadedTaskDispatcher with 12 workers.
 -> (artifact id: 'c53202a0efb4017e44c993c5a7230b4b') in 0.021446 seconds
Number of updated asset objects reloaded before import = 0
Number of asset objects unloaded after import = 2
Editor requested this worker to shutdown with reason: Scaling down because of idle timeout
TcpMessagingSession - receive error: operation aborted. errorcode: 995, details: The I/O operation has been aborted because of either a thread exit or an application request.
AssetImportWorker is now disconnected from the server
Process exiting
Exiting without the bug reporter. Application will terminate with return code 0