Using pre-set license
Built from '2022.3/staging' branch; Version is '2022.3.34f1 (4886f5360533) revision 4753141'; Using compiler version '192829333'; Build Type 'Release'
OS: 'Windows 11  (10.0.22631) 64bit Enterprise' Language: 'en' Physical Memory: 32693 MB
BatchMode: 1, IsHumanControllingUs: 0, StartBugReporterOnCrash: 0, Is64bit: 1, IsPro: 1

COMMAND LINE ARGUMENTS:
C:\Program Files\Unity\Hub\Editor\2022.3.34f1\Editor\Unity.exe
-adb2
-batchMode
-noUpm
-name
AssetImportWorker0
-projectPath
C:/Users/pontu/Documents/GitHub/Thirdtimesacharm_game/ThirdTimesCharm_V2
-logFile
Logs/AssetImportWorker0.log
-srvPort
52521
Successfully changed project path to: C:/Users/pontu/Documents/GitHub/Thirdtimesacharm_game/ThirdTimesCharm_V2
C:/Users/pontu/Documents/GitHub/Thirdtimesacharm_game/ThirdTimesCharm_V2
[UnityMemory] Configuration Parameters - Can be set up in boot.config
    "memorysetup-bucket-allocator-granularity=16"
    "memorysetup-bucket-allocator-bucket-count=8"
    "memorysetup-bucket-allocator-block-size=33554432"
    "memorysetup-bucket-allocator-block-count=8"
    "memorysetup-main-allocator-block-size=16777216"
    "memorysetup-thread-allocator-block-size=16777216"
    "memorysetup-gfx-main-allocator-block-size=16777216"
    "memorysetup-gfx-thread-allocator-block-size=16777216"
    "memorysetup-cache-allocator-block-size=4194304"
    "memorysetup-typetree-allocator-block-size=2097152"
    "memorysetup-profiler-bucket-allocator-granularity=16"
    "memorysetup-profiler-bucket-allocator-bucket-count=8"
    "memorysetup-profiler-bucket-allocator-block-size=33554432"
    "memorysetup-profiler-bucket-allocator-block-count=8"
    "memorysetup-profiler-allocator-block-size=16777216"
    "memorysetup-profiler-editor-allocator-block-size=1048576"
    "memorysetup-temp-allocator-size-main=16777216"
    "memorysetup-job-temp-allocator-block-size=2097152"
    "memorysetup-job-temp-allocator-block-size-background=1048576"
    "memorysetup-job-temp-allocator-reduction-small-platforms=262144"
    "memorysetup-allocator-temp-initial-block-size-main=262144"
    "memorysetup-allocator-temp-initial-block-size-worker=262144"
    "memorysetup-temp-allocator-size-background-worker=32768"
    "memorysetup-temp-allocator-size-job-worker=262144"
    "memorysetup-temp-allocator-size-preload-manager=33554432"
    "memorysetup-temp-allocator-size-nav-mesh-worker=65536"
    "memorysetup-temp-allocator-size-audio-worker=65536"
    "memorysetup-temp-allocator-size-cloud-worker=32768"
    "memorysetup-temp-allocator-size-gi-baking-worker=262144"
    "memorysetup-temp-allocator-size-gfx=262144"
Player connection [11104] Host "[IP] 192.168.1.122 [Port] 0 [Flags] 2 [Guid] 4210122983 [EditorId] 4210122983 [Version] 1048832 [Id] WindowsEditor(7,SideSlut) [Debug] 1 [PackageName] WindowsEditor [ProjectName] Editor" joined multi-casting on [225.0.0.222:54997]...

Player connection [11104] Host "[IP] 192.168.1.122 [Port] 0 [Flags] 2 [Guid] 4210122983 [EditorId] 4210122983 [Version] 1048832 [Id] WindowsEditor(7,SideSlut) [Debug] 1 [PackageName] WindowsEditor [ProjectName] Editor" joined alternative multi-casting on [225.0.0.222:34997]...

[PhysX] Initialized MultithreadedTaskDispatcher with 12 workers.
Refreshing native plugins compatible for Editor in 9.23 ms, found 3 plugins.
Preloading 0 native plugins for Editor in 0.00 ms.
Initialize engine version: 2022.3.34f1 (4886f5360533)
[Subsystems] Discovering subsystems at path C:/Program Files/Unity/Hub/Editor/2022.3.34f1/Editor/Data/Resources/UnitySubsystems
[Subsystems] Discovering subsystems at path C:/Users/pontu/Documents/GitHub/Thirdtimesacharm_game/ThirdTimesCharm_V2/Assets
GfxDevice: creating device client; threaded=0; jobified=0
Direct3D:
    Version:  Direct3D 11.0 [level 11.1]
    Renderer: NVIDIA GeForce RTX 4060 (ID=0x2882)
    Vendor:   NVIDIA
    VRAM:     7957 MB
    Driver:   32.0.15.6094
Initialize mono
Mono path[0] = 'C:/Program Files/Unity/Hub/Editor/2022.3.34f1/Editor/Data/Managed'
Mono path[1] = 'C:/Program Files/Unity/Hub/Editor/2022.3.34f1/Editor/Data/MonoBleedingEdge/lib/mono/unityjit-win32'
Mono config path = 'C:/Program Files/Unity/Hub/Editor/2022.3.34f1/Editor/Data/MonoBleedingEdge/etc'
Using monoOptions --debugger-agent=transport=dt_socket,embedding=1,server=y,suspend=n,address=127.0.0.1:56332
Begin MonoManager ReloadAssembly
Registering precompiled unity dll's ...
Register platform support module: C:/Program Files/Unity/Hub/Editor/2022.3.34f1/Editor/Data/PlaybackEngines/WebGLSupport/UnityEditor.WebGL.Extensions.dll
Register platform support module: C:/Program Files/Unity/Hub/Editor/2022.3.34f1/Editor/Data/PlaybackEngines/WindowsStandaloneSupport/UnityEditor.WindowsStandalone.Extensions.dll
Registered in 0.008292 seconds.
- Loaded All Assemblies, in  0.370 seconds
Native extension for WindowsStandalone target not found
Native extension for WebGL target not found
Mono: successfully reloaded assembly
- Finished resetting the current domain, in  0.272 seconds
Domain Reload Profiling: 640ms
	BeginReloadAssembly (116ms)
		ExecutionOrderSort (0ms)
		DisableScriptedObjects (0ms)
		BackupInstance (0ms)
		ReleaseScriptingObjects (0ms)
		CreateAndSetChildDomain (1ms)
	RebuildCommonClasses (35ms)
	RebuildNativeTypeToScriptingClass (8ms)
	initialDomainReloadingComplete (60ms)
	LoadAllAssembliesAndSetupDomain (149ms)
		LoadAssemblies (114ms)
		RebuildTransferFunctionScriptingTraits (0ms)
		AnalyzeDomain (146ms)
			TypeCache.Refresh (145ms)
				TypeCache.ScanAssembly (130ms)
			ScanForSourceGeneratedMonoScriptInfo (0ms)
			ResolveRequiredComponents (0ms)
	FinalizeReload (273ms)
		ReleaseScriptCaches (0ms)
		RebuildScriptCaches (0ms)
		SetupLoadedEditorAssemblies (216ms)
			LogAssemblyErrors (0ms)
			InitializePlatformSupportModulesInManaged (8ms)
			SetLoadedEditorAssemblies (5ms)
			RefreshPlugins (0ms)
			BeforeProcessingInitializeOnLoad (2ms)
			ProcessInitializeOnLoadAttributes (152ms)
			ProcessInitializeOnLoadMethodAttributes (50ms)
			AfterProcessingInitializeOnLoad (0ms)
			EditorAssembliesLoaded (0ms)
		ExecutionOrderSort2 (0ms)
		AwakeInstancesAfterBackupRestoration (0ms)
========================================================================
Worker process is ready to serve import requests
Begin MonoManager ReloadAssembly
- Loaded All Assemblies, in  0.645 seconds
Refreshing native plugins compatible for Editor in 4.36 ms, found 3 plugins.
Native extension for WindowsStandalone target not found
Native extension for WebGL target not found
Package Manager log level set to [2]
[Package Manager] Server::EnsureServerProcessIsRunning -- launch failed, reason: Unity was launched with the -noUpm command-line argument
[Package Manager] UpmClient::Send -- Unable to send message (not connected to UPM process).
[Package Manager] Cannot connect to Unity Package Manager local server
Mono: successfully reloaded assembly
- Finished resetting the current domain, in  0.675 seconds
Domain Reload Profiling: 1317ms
	BeginReloadAssembly (159ms)
		ExecutionOrderSort (0ms)
		DisableScriptedObjects (7ms)
		BackupInstance (0ms)
		ReleaseScriptingObjects (0ms)
		CreateAndSetChildDomain (28ms)
	RebuildCommonClasses (30ms)
	RebuildNativeTypeToScriptingClass (10ms)
	initialDomainReloadingComplete (40ms)
	LoadAllAssembliesAndSetupDomain (402ms)
		LoadAssemblies (311ms)
		RebuildTransferFunctionScriptingTraits (0ms)
		AnalyzeDomain (179ms)
			TypeCache.Refresh (160ms)
				TypeCache.ScanAssembly (146ms)
			ScanForSourceGeneratedMonoScriptInfo (14ms)
			ResolveRequiredComponents (5ms)
	FinalizeReload (676ms)
		ReleaseScriptCaches (0ms)
		RebuildScriptCaches (0ms)
		SetupLoadedEditorAssemblies (508ms)
			LogAssemblyErrors (0ms)
			InitializePlatformSupportModulesInManaged (7ms)
			SetLoadedEditorAssemblies (5ms)
			RefreshPlugins (0ms)
			BeforeProcessingInitializeOnLoad (59ms)
			ProcessInitializeOnLoadAttributes (410ms)
			ProcessInitializeOnLoadMethodAttributes (22ms)
			AfterProcessingInitializeOnLoad (5ms)
			EditorAssembliesLoaded (0ms)
		ExecutionOrderSort2 (0ms)
		AwakeInstancesAfterBackupRestoration (7ms)
Launched and connected shader compiler UnityShaderCompiler.exe after 0.06 seconds
Refreshing native plugins compatible for Editor in 3.88 ms, found 3 plugins.
Preloading 0 native plugins for Editor in 0.00 ms.
Unloading 3279 Unused Serialized files (Serialized files now loaded: 0)
Unloading 46 unused Assets / (130.9 KB). Loaded Objects now: 3755.
Memory consumption went from 135.2 MB to 135.1 MB.
Total: 4.203600 ms (FindLiveObjects: 0.542900 ms CreateObjectMapping: 0.275700 ms MarkObjects: 3.234200 ms  DeleteObjects: 0.149800 ms)

AssetImportParameters requested are different than current active one (requested -> active):
  custom:container-demuxer-ogg: 62fdf1f143b41e24485cea50d1cbac27 -> 
  custom:video-codec-MediaFoundation-h265: 746d11721c4dcdbdad8f713fa42b33f4 -> 
  custom:video-decoder-ogg-theora: a1e56fd34408186e4bbccfd4996cb3dc -> 
  custom:framework-win-MediaFoundation: 216162199b28c13a410421893ffa2e32 -> 
  custom:CustomObjectIndexerAttribute: 9a22284fe3817be447336de3de66b15e -> 
  custom:container-demuxer-webm: 4f35f7cbe854078d1ac9338744f61a02 -> 
  custom:container-muxer-webm: aa71ff27fc2769a1b78a27578f13a17b -> 
  custom:video-decoder-webm-vp8: 9c59270c3fd7afecdb556c50c9e8de78 -> 
  custom:SearchIndexIgnoredProperties: e643bd26f0fe6173181afceb89e7c659 -> 
  custom:AudioImporter_EditorPlatform: d09bf68614088b80899f8185d706f6e7 -> 
  custom:video-encoder-webm-vp8: eb34c28f22e8b96e1ab97ce403110664 -> 
  custom:audio-decoder-ogg-vorbis: bf7c407c2cedff20999df2af8eb42d56 -> 
  custom:audio-encoder-webm-vorbis: bf7c407c2cedff20999df2af8eb42d56 -> 
========================================================================
Received Import Request.
  Time since last request: 2959691.066350 seconds.
  path: Assets/IMPORTED/POLY STYLE - Vegetation Pack 2/Readme.txt
  artifactKey: Guid(d5693418814fc6140a51a3c7b621d73a) Importer(815301076,1909f56bfc062723c751e8b465ee728b)
Start importing Assets/IMPORTED/POLY STYLE - Vegetation Pack 2/Readme.txt using Guid(d5693418814fc6140a51a3c7b621d73a) Importer(815301076,1909f56bfc062723c751e8b465ee728b) [PhysX] Initialized MultithreadedTaskDispatcher with 12 workers.
 -> (artifact id: 'b432ca20c5f4d356f978c0fecf87918a') in 0.013120 seconds
Number of updated asset objects reloaded before import = 0
Number of asset objects unloaded after import = 1
========================================================================
Received Import Request.
  Time since last request: 4.647017 seconds.
  path: Assets/IMPORTED/POLY STYLE - Vegetation Pack 2/Vegetation Pack 2_URP/Settings
  artifactKey: Guid(0735c275001a2c84dafdb30deced5d8d) Importer(815301076,1909f56bfc062723c751e8b465ee728b)
Start importing Assets/IMPORTED/POLY STYLE - Vegetation Pack 2/Vegetation Pack 2_URP/Settings using Guid(0735c275001a2c84dafdb30deced5d8d) Importer(815301076,1909f56bfc062723c751e8b465ee728b) [PhysX] Initialized MultithreadedTaskDispatcher with 12 workers.
 -> (artifact id: '9e552d76c90d8c47d5be746575b784df') in 0.000473 seconds
Number of updated asset objects reloaded before import = 0
Number of asset objects unloaded after import = 0
========================================================================
Received Import Request.
  Time since last request: 0.113655 seconds.
  path: Assets/IMPORTED/POLY STYLE - Vegetation Pack 2/Vegetation Pack 2_URP/Settings/ForwardRenderer.asset
  artifactKey: Guid(4a8e21d5c33334b11b34a596161b9360) Importer(815301076,1909f56bfc062723c751e8b465ee728b)
Start importing Assets/IMPORTED/POLY STYLE - Vegetation Pack 2/Vegetation Pack 2_URP/Settings/ForwardRenderer.asset using Guid(4a8e21d5c33334b11b34a596161b9360) Importer(815301076,1909f56bfc062723c751e8b465ee728b) [PhysX] Initialized MultithreadedTaskDispatcher with 12 workers.
 -> (artifact id: 'ac1d70fe84fe8e12b264d6944402c3de') in 0.001337 seconds
Number of updated asset objects reloaded before import = 0
Number of asset objects unloaded after import = 2
========================================================================
Received Import Request.
  Time since last request: 0.000040 seconds.
  path: Assets/IMPORTED/POLY STYLE - Vegetation Pack 2/Vegetation Pack 2_URP/Settings/UniversalRP-LowQuality.asset
  artifactKey: Guid(a31e9f9f9c9d4b9429ed0d1234e22103) Importer(815301076,1909f56bfc062723c751e8b465ee728b)
Start importing Assets/IMPORTED/POLY STYLE - Vegetation Pack 2/Vegetation Pack 2_URP/Settings/UniversalRP-LowQuality.asset using Guid(a31e9f9f9c9d4b9429ed0d1234e22103) Importer(815301076,1909f56bfc062723c751e8b465ee728b) [PhysX] Initialized MultithreadedTaskDispatcher with 12 workers.
 -> (artifact id: '49f27418e97382ea56ec744d40cb3ea1') in 0.000636 seconds
Number of updated asset objects reloaded before import = 0
Number of asset objects unloaded after import = 1
========================================================================
Received Import Request.
  Time since last request: 0.000013 seconds.
  path: Assets/IMPORTED/POLY STYLE - Vegetation Pack 2/Vegetation Pack 2_URP/Settings/UniversalRP-MediumQuality.asset
  artifactKey: Guid(d847b876476d3d6468f5dfcd34266f96) Importer(815301076,1909f56bfc062723c751e8b465ee728b)
Start importing Assets/IMPORTED/POLY STYLE - Vegetation Pack 2/Vegetation Pack 2_URP/Settings/UniversalRP-MediumQuality.asset using Guid(d847b876476d3d6468f5dfcd34266f96) Importer(815301076,1909f56bfc062723c751e8b465ee728b) [PhysX] Initialized MultithreadedTaskDispatcher with 12 workers.
 -> (artifact id: 'c94ec8b9d067ffea0fcda34c07a23c79') in 0.000627 seconds
Number of updated asset objects reloaded before import = 0
Number of asset objects unloaded after import = 1
========================================================================
Received Import Request.
  Time since last request: 0.000008 seconds.
  path: Assets/IMPORTED/POLY STYLE - Vegetation Pack 2/Vegetation Pack 2_URP/Settings/UniversalRP-HighQuality.asset
  artifactKey: Guid(19ba41d7c0026c3459d37c2fe90c55a0) Importer(815301076,1909f56bfc062723c751e8b465ee728b)
Start importing Assets/IMPORTED/POLY STYLE - Vegetation Pack 2/Vegetation Pack 2_URP/Settings/UniversalRP-HighQuality.asset using Guid(19ba41d7c0026c3459d37c2fe90c55a0) Importer(815301076,1909f56bfc062723c751e8b465ee728b) [PhysX] Initialized MultithreadedTaskDispatcher with 12 workers.
 -> (artifact id: '73815b842665f925e66d114fa3fe87f1') in 0.000839 seconds
Number of updated asset objects reloaded before import = 0
Number of asset objects unloaded after import = 1
========================================================================
Received Import Request.
  Time since last request: 11.823328 seconds.
  path: Assets/IMPORTED/POLY STYLE - Vegetation Pack 2/Vegetation Pack 2_URP/Scripts
  artifactKey: Guid(02a3527b6b33a924e8ec66aa805ea717) Importer(815301076,1909f56bfc062723c751e8b465ee728b)
Start importing Assets/IMPORTED/POLY STYLE - Vegetation Pack 2/Vegetation Pack 2_URP/Scripts using Guid(02a3527b6b33a924e8ec66aa805ea717) Importer(815301076,1909f56bfc062723c751e8b465ee728b) [PhysX] Initialized MultithreadedTaskDispatcher with 12 workers.
 -> (artifact id: 'e38197e9df798cc98ff2e5dc1bdd5644') in 0.000445 seconds
Number of updated asset objects reloaded before import = 0
Number of asset objects unloaded after import = 0
========================================================================
Received Import Request.
  Time since last request: 1.704479 seconds.
  path: Assets/IMPORTED/POLY STYLE - Vegetation Pack 2/Vegetation Pack 2_URP/Prefabs
  artifactKey: Guid(fba63d9ffc5030f42b8c80155ee9e1d9) Importer(815301076,1909f56bfc062723c751e8b465ee728b)
Start importing Assets/IMPORTED/POLY STYLE - Vegetation Pack 2/Vegetation Pack 2_URP/Prefabs using Guid(fba63d9ffc5030f42b8c80155ee9e1d9) Importer(815301076,1909f56bfc062723c751e8b465ee728b) [PhysX] Initialized MultithreadedTaskDispatcher with 12 workers.
 -> (artifact id: '7fbcc0ada6a384dfce77de42a4816572') in 0.000503 seconds
Number of updated asset objects reloaded before import = 0
Number of asset objects unloaded after import = 0
========================================================================
Received Import Request.
  Time since last request: 0.844482 seconds.
  path: Assets/IMPORTED/POLY STYLE - Vegetation Pack 2/Vegetation Pack 2_URP/Prefabs/Environments
  artifactKey: Guid(79032e343aa0fc44e9b0b45b017c3c58) Importer(815301076,1909f56bfc062723c751e8b465ee728b)
Start importing Assets/IMPORTED/POLY STYLE - Vegetation Pack 2/Vegetation Pack 2_URP/Prefabs/Environments using Guid(79032e343aa0fc44e9b0b45b017c3c58) Importer(815301076,1909f56bfc062723c751e8b465ee728b) [PhysX] Initialized MultithreadedTaskDispatcher with 12 workers.
 -> (artifact id: '87e34a049551345ef4f507effd3210e3') in 0.000421 seconds
Number of updated asset objects reloaded before import = 0
Number of asset objects unloaded after import = 0
========================================================================
Received Import Request.
  Time since last request: 0.210638 seconds.
  path: Assets/IMPORTED/POLY STYLE - Vegetation Pack 2/Vegetation Pack 2_URP/Prefabs/Environments/Buildings_1.prefab
  artifactKey: Guid(5dc7d583ffd136f42947780ee1a178fd) Importer(815301076,1909f56bfc062723c751e8b465ee728b)
Start importing Assets/IMPORTED/POLY STYLE - Vegetation Pack 2/Vegetation Pack 2_URP/Prefabs/Environments/Buildings_1.prefab using Guid(5dc7d583ffd136f42947780ee1a178fd) Importer(815301076,1909f56bfc062723c751e8b465ee728b) [PhysX] Initialized MultithreadedTaskDispatcher with 12 workers.
[PhysX] Initialized MultithreadedTaskDispatcher with 12 workers.
 -> (artifact id: 'ad574fcbc12493501959a0bf79b2eeb4') in 0.095454 seconds
Number of updated asset objects reloaded before import = 0
Number of asset objects unloaded after import = 12
========================================================================
Received Import Request.
  Time since last request: 0.000028 seconds.
  path: Assets/IMPORTED/POLY STYLE - Vegetation Pack 2/Vegetation Pack 2_URP/Prefabs/Environments/Grass_1.prefab
  artifactKey: Guid(2bcf53d24179fa5409ec6abcbd32b880) Importer(815301076,1909f56bfc062723c751e8b465ee728b)
Start importing Assets/IMPORTED/POLY STYLE - Vegetation Pack 2/Vegetation Pack 2_URP/Prefabs/Environments/Grass_1.prefab using Guid(2bcf53d24179fa5409ec6abcbd32b880) Importer(815301076,1909f56bfc062723c751e8b465ee728b) [PhysX] Initialized MultithreadedTaskDispatcher with 12 workers.
[PhysX] Initialized MultithreadedTaskDispatcher with 12 workers.
 -> (artifact id: '98bfca82ab6292e257f7bc8a91a151f8') in 0.016652 seconds
Number of updated asset objects reloaded before import = 0
Number of asset objects unloaded after import = 10
========================================================================
Received Import Request.
  Time since last request: 0.000024 seconds.
  path: Assets/IMPORTED/POLY STYLE - Vegetation Pack 2/Vegetation Pack 2_URP/Prefabs/Environments/Grass_4.prefab
  artifactKey: Guid(47116cf244694f0409a77b4f8d60db35) Importer(815301076,1909f56bfc062723c751e8b465ee728b)
Start importing Assets/IMPORTED/POLY STYLE - Vegetation Pack 2/Vegetation Pack 2_URP/Prefabs/Environments/Grass_4.prefab using Guid(47116cf244694f0409a77b4f8d60db35) Importer(815301076,1909f56bfc062723c751e8b465ee728b) [PhysX] Initialized MultithreadedTaskDispatcher with 12 workers.
[PhysX] Initialized MultithreadedTaskDispatcher with 12 workers.
 -> (artifact id: 'afc5633b6516e7b972dd15493fd1280a') in 0.012380 seconds
Number of updated asset objects reloaded before import = 0
Number of asset objects unloaded after import = 10
========================================================================
Received Import Request.
  Time since last request: 0.000027 seconds.
  path: Assets/IMPORTED/POLY STYLE - Vegetation Pack 2/Vegetation Pack 2_URP/Prefabs/Environments/Hill_10.prefab
  artifactKey: Guid(5c5ea9b4ba34f784da61491f5019b9f8) Importer(815301076,1909f56bfc062723c751e8b465ee728b)
Start importing Assets/IMPORTED/POLY STYLE - Vegetation Pack 2/Vegetation Pack 2_URP/Prefabs/Environments/Hill_10.prefab using Guid(5c5ea9b4ba34f784da61491f5019b9f8) Importer(815301076,1909f56bfc062723c751e8b465ee728b) [PhysX] Initialized MultithreadedTaskDispatcher with 12 workers.
[PhysX] Initialized MultithreadedTaskDispatcher with 12 workers.
 -> (artifact id: '5ebba69147aec4dbd6db2065d0b78822') in 0.020517 seconds
Number of updated asset objects reloaded before import = 0
Number of asset objects unloaded after import = 9
========================================================================
Received Import Request.
  Time since last request: 0.000015 seconds.
  path: Assets/IMPORTED/POLY STYLE - Vegetation Pack 2/Vegetation Pack 2_URP/Prefabs/Environments/Environment_18.prefab
  artifactKey: Guid(cb1d73923864f4447952ee2f1aa3e6e6) Importer(815301076,1909f56bfc062723c751e8b465ee728b)
Start importing Assets/IMPORTED/POLY STYLE - Vegetation Pack 2/Vegetation Pack 2_URP/Prefabs/Environments/Environment_18.prefab using Guid(cb1d73923864f4447952ee2f1aa3e6e6) Importer(815301076,1909f56bfc062723c751e8b465ee728b) [PhysX] Initialized MultithreadedTaskDispatcher with 12 workers.
[PhysX] Initialized MultithreadedTaskDispatcher with 12 workers.
 -> (artifact id: '355c788a61f91497940385324aae3dc3') in 0.015182 seconds
Number of updated asset objects reloaded before import = 0
Number of asset objects unloaded after import = 10
========================================================================
Received Import Request.
  Time since last request: 0.000017 seconds.
  path: Assets/IMPORTED/POLY STYLE - Vegetation Pack 2/Vegetation Pack 2_URP/Prefabs/Environments/Hill_6.prefab
  artifactKey: Guid(d728cf9bece6447439340dcacc9a8d7c) Importer(815301076,1909f56bfc062723c751e8b465ee728b)
Start importing Assets/IMPORTED/POLY STYLE - Vegetation Pack 2/Vegetation Pack 2_URP/Prefabs/Environments/Hill_6.prefab using Guid(d728cf9bece6447439340dcacc9a8d7c) Importer(815301076,1909f56bfc062723c751e8b465ee728b) [PhysX] Initialized MultithreadedTaskDispatcher with 12 workers.
[PhysX] Initialized MultithreadedTaskDispatcher with 12 workers.
 -> (artifact id: '04112a2ef8b35f06490988b992cef9c7') in 0.013763 seconds
Number of updated asset objects reloaded before import = 0
Number of asset objects unloaded after import = 9
========================================================================
Received Import Request.
  Time since last request: 0.000025 seconds.
  path: Assets/IMPORTED/POLY STYLE - Vegetation Pack 2/Vegetation Pack 2_URP/Prefabs/Environments/Grass_9.prefab
  artifactKey: Guid(0e7a970374d4d1a48ae34cddfa95d7be) Importer(815301076,1909f56bfc062723c751e8b465ee728b)
Start importing Assets/IMPORTED/POLY STYLE - Vegetation Pack 2/Vegetation Pack 2_URP/Prefabs/Environments/Grass_9.prefab using Guid(0e7a970374d4d1a48ae34cddfa95d7be) Importer(815301076,1909f56bfc062723c751e8b465ee728b) [PhysX] Initialized MultithreadedTaskDispatcher with 12 workers.
[PhysX] Initialized MultithreadedTaskDispatcher with 12 workers.
 -> (artifact id: '9ee22eb6bc95d0d17f83a4620e5edd07') in 0.011178 seconds
Number of updated asset objects reloaded before import = 0
Number of asset objects unloaded after import = 10
========================================================================
Received Import Request.
  Time since last request: 0.000027 seconds.
  path: Assets/IMPORTED/POLY STYLE - Vegetation Pack 2/Vegetation Pack 2_URP/Prefabs/Environments/Grass_2.prefab
  artifactKey: Guid(e1165b0705c502547adca52ba573c1d3) Importer(815301076,1909f56bfc062723c751e8b465ee728b)
Start importing Assets/IMPORTED/POLY STYLE - Vegetation Pack 2/Vegetation Pack 2_URP/Prefabs/Environments/Grass_2.prefab using Guid(e1165b0705c502547adca52ba573c1d3) Importer(815301076,1909f56bfc062723c751e8b465ee728b) [PhysX] Initialized MultithreadedTaskDispatcher with 12 workers.
[PhysX] Initialized MultithreadedTaskDispatcher with 12 workers.
 -> (artifact id: '0c6a396e4e531f15b9936ad3a7a61cfa') in 0.012873 seconds
Number of updated asset objects reloaded before import = 0
Number of asset objects unloaded after import = 10
========================================================================
Received Import Request.
  Time since last request: 0.000017 seconds.
  path: Assets/IMPORTED/POLY STYLE - Vegetation Pack 2/Vegetation Pack 2_URP/Prefabs/Environments/Environment_10.prefab
  artifactKey: Guid(03e5da9d16441404c8ca4a89931b89af) Importer(815301076,1909f56bfc062723c751e8b465ee728b)
Start importing Assets/IMPORTED/POLY STYLE - Vegetation Pack 2/Vegetation Pack 2_URP/Prefabs/Environments/Environment_10.prefab using Guid(03e5da9d16441404c8ca4a89931b89af) Importer(815301076,1909f56bfc062723c751e8b465ee728b) [PhysX] Initialized MultithreadedTaskDispatcher with 12 workers.
[PhysX] Initialized MultithreadedTaskDispatcher with 12 workers.
 -> (artifact id: '19dadcbf6b43c2a2c0ed882244f162fd') in 0.012403 seconds
Number of updated asset objects reloaded before import = 0
Number of asset objects unloaded after import = 12
========================================================================
Received Import Request.
  Time since last request: 0.000022 seconds.
  path: Assets/IMPORTED/POLY STYLE - Vegetation Pack 2/Vegetation Pack 2_URP/Prefabs/Environments/Hill_3.prefab
  artifactKey: Guid(c63194abb17f5914f94b4ea17cd00720) Importer(815301076,1909f56bfc062723c751e8b465ee728b)
Start importing Assets/IMPORTED/POLY STYLE - Vegetation Pack 2/Vegetation Pack 2_URP/Prefabs/Environments/Hill_3.prefab using Guid(c63194abb17f5914f94b4ea17cd00720) Importer(815301076,1909f56bfc062723c751e8b465ee728b) [PhysX] Initialized MultithreadedTaskDispatcher with 12 workers.
[PhysX] Initialized MultithreadedTaskDispatcher with 12 workers.
 -> (artifact id: '92a540e24ccdf070dcb37a54dfdaab70') in 0.016254 seconds
Number of updated asset objects reloaded before import = 0
Number of asset objects unloaded after import = 10
========================================================================
Received Import Request.
  Time since last request: 0.000019 seconds.
  path: Assets/IMPORTED/POLY STYLE - Vegetation Pack 2/Vegetation Pack 2_URP/Prefabs/Environments/Hill_2.prefab
  artifactKey: Guid(8785b85ea320cd543ae0c239bf1b5429) Importer(815301076,1909f56bfc062723c751e8b465ee728b)
Start importing Assets/IMPORTED/POLY STYLE - Vegetation Pack 2/Vegetation Pack 2_URP/Prefabs/Environments/Hill_2.prefab using Guid(8785b85ea320cd543ae0c239bf1b5429) Importer(815301076,1909f56bfc062723c751e8b465ee728b) [PhysX] Initialized MultithreadedTaskDispatcher with 12 workers.
[PhysX] Initialized MultithreadedTaskDispatcher with 12 workers.
 -> (artifact id: '9f05861009940a0c61860bb8e283a0cf') in 0.013185 seconds
Number of updated asset objects reloaded before import = 0
Number of asset objects unloaded after import = 10
========================================================================
Received Import Request.
  Time since last request: 0.000015 seconds.
  path: Assets/IMPORTED/POLY STYLE - Vegetation Pack 2/Vegetation Pack 2_URP/Prefabs/Environments/Buildings_3.prefab
  artifactKey: Guid(f687e0ee0b6f3754f84fc681ff2ca616) Importer(815301076,1909f56bfc062723c751e8b465ee728b)
Start importing Assets/IMPORTED/POLY STYLE - Vegetation Pack 2/Vegetation Pack 2_URP/Prefabs/Environments/Buildings_3.prefab using Guid(f687e0ee0b6f3754f84fc681ff2ca616) Importer(815301076,1909f56bfc062723c751e8b465ee728b) [PhysX] Initialized MultithreadedTaskDispatcher with 12 workers.
[PhysX] Initialized MultithreadedTaskDispatcher with 12 workers.
 -> (artifact id: '699fb03dbbf5f7928cdc40229102e06f') in 0.014056 seconds
Number of updated asset objects reloaded before import = 0
Number of asset objects unloaded after import = 18
========================================================================
Received Import Request.
  Time since last request: 0.000016 seconds.
  path: Assets/IMPORTED/POLY STYLE - Vegetation Pack 2/Vegetation Pack 2_URP/Prefabs/Environments/Environment_6.prefab
  artifactKey: Guid(1be4e2466ae80c64382eb3054c87bad3) Importer(815301076,1909f56bfc062723c751e8b465ee728b)
Start importing Assets/IMPORTED/POLY STYLE - Vegetation Pack 2/Vegetation Pack 2_URP/Prefabs/Environments/Environment_6.prefab using Guid(1be4e2466ae80c64382eb3054c87bad3) Importer(815301076,1909f56bfc062723c751e8b465ee728b) [PhysX] Initialized MultithreadedTaskDispatcher with 12 workers.
[PhysX] Initialized MultithreadedTaskDispatcher with 12 workers.
 -> (artifact id: '1e2a133be4e44e595161cf0da7f69fde') in 0.011439 seconds
Number of updated asset objects reloaded before import = 0
Number of asset objects unloaded after import = 10
========================================================================
Received Import Request.
  Time since last request: 0.000017 seconds.
  path: Assets/IMPORTED/POLY STYLE - Vegetation Pack 2/Vegetation Pack 2_URP/Prefabs/Environments/Environment_1.prefab
  artifactKey: Guid(b8d0fc9068ba7b04693a2494de26f19c) Importer(815301076,1909f56bfc062723c751e8b465ee728b)
Start importing Assets/IMPORTED/POLY STYLE - Vegetation Pack 2/Vegetation Pack 2_URP/Prefabs/Environments/Environment_1.prefab using Guid(b8d0fc9068ba7b04693a2494de26f19c) Importer(815301076,1909f56bfc062723c751e8b465ee728b) [PhysX] Initialized MultithreadedTaskDispatcher with 12 workers.
[PhysX] Initialized MultithreadedTaskDispatcher with 12 workers.
 -> (artifact id: 'fbe35e94dfdc380a258a6d6f5f52bbd2') in 0.013723 seconds
Number of updated asset objects reloaded before import = 0
Number of asset objects unloaded after import = 11
========================================================================
Received Import Request.
  Time since last request: 0.000020 seconds.
  path: Assets/IMPORTED/POLY STYLE - Vegetation Pack 2/Vegetation Pack 2_URP/Prefabs/Environments/Environment_7.prefab
  artifactKey: Guid(8ad1a758be0983742988a60ca2528e81) Importer(815301076,1909f56bfc062723c751e8b465ee728b)
Start importing Assets/IMPORTED/POLY STYLE - Vegetation Pack 2/Vegetation Pack 2_URP/Prefabs/Environments/Environment_7.prefab using Guid(8ad1a758be0983742988a60ca2528e81) Importer(815301076,1909f56bfc062723c751e8b465ee728b) [PhysX] Initialized MultithreadedTaskDispatcher with 12 workers.
[PhysX] Initialized MultithreadedTaskDispatcher with 12 workers.
 -> (artifact id: '8bbb8eafa89eb93664dad930bd41d1fc') in 0.011378 seconds
Number of updated asset objects reloaded before import = 0
Number of asset objects unloaded after import = 12
========================================================================
Received Import Request.
  Time since last request: 0.000020 seconds.
  path: Assets/IMPORTED/POLY STYLE - Vegetation Pack 2/Vegetation Pack 2_URP/Prefabs/Environments/Grass_6.prefab
  artifactKey: Guid(d381b6e1b7ff18a408b24fe9e56356b6) Importer(815301076,1909f56bfc062723c751e8b465ee728b)
Start importing Assets/IMPORTED/POLY STYLE - Vegetation Pack 2/Vegetation Pack 2_URP/Prefabs/Environments/Grass_6.prefab using Guid(d381b6e1b7ff18a408b24fe9e56356b6) Importer(815301076,1909f56bfc062723c751e8b465ee728b) [PhysX] Initialized MultithreadedTaskDispatcher with 12 workers.
[PhysX] Initialized MultithreadedTaskDispatcher with 12 workers.
 -> (artifact id: '8dd890e74c4dc174f7e3b3ec1f56dc95') in 0.013839 seconds
Number of updated asset objects reloaded before import = 0
Number of asset objects unloaded after import = 10
========================================================================
Received Import Request.
  Time since last request: 0.000020 seconds.
  path: Assets/IMPORTED/POLY STYLE - Vegetation Pack 2/Vegetation Pack 2_URP/Prefabs/Environments/Environment_14.prefab
  artifactKey: Guid(606b27f92ced3834e9a0234340ce72fd) Importer(815301076,1909f56bfc062723c751e8b465ee728b)
Start importing Assets/IMPORTED/POLY STYLE - Vegetation Pack 2/Vegetation Pack 2_URP/Prefabs/Environments/Environment_14.prefab using Guid(606b27f92ced3834e9a0234340ce72fd) Importer(815301076,1909f56bfc062723c751e8b465ee728b) [PhysX] Initialized MultithreadedTaskDispatcher with 12 workers.
[PhysX] Initialized MultithreadedTaskDispatcher with 12 workers.
 -> (artifact id: '6b3bec2ca2c1256925bbd5cde392b5ef') in 0.014481 seconds
Number of updated asset objects reloaded before import = 0
Number of asset objects unloaded after import = 12
========================================================================
Received Import Request.
  Time since last request: 0.000016 seconds.
  path: Assets/IMPORTED/POLY STYLE - Vegetation Pack 2/Vegetation Pack 2_URP/Prefabs/Environments/Environment_12.prefab
  artifactKey: Guid(de9ee95279359bf4b97142e051133c79) Importer(815301076,1909f56bfc062723c751e8b465ee728b)
Start importing Assets/IMPORTED/POLY STYLE - Vegetation Pack 2/Vegetation Pack 2_URP/Prefabs/Environments/Environment_12.prefab using Guid(de9ee95279359bf4b97142e051133c79) Importer(815301076,1909f56bfc062723c751e8b465ee728b) [PhysX] Initialized MultithreadedTaskDispatcher with 12 workers.
[PhysX] Initialized MultithreadedTaskDispatcher with 12 workers.
 -> (artifact id: '02de7df2463cbce84f5b5bc605d14e36') in 0.012829 seconds
Number of updated asset objects reloaded before import = 0
Number of asset objects unloaded after import = 11
========================================================================
Received Import Request.
  Time since last request: 0.000017 seconds.
  path: Assets/IMPORTED/POLY STYLE - Vegetation Pack 2/Vegetation Pack 2_URP/Prefabs/Environments/Environment_15.prefab
  artifactKey: Guid(37f52714fe5c2634e940aee60a157dd7) Importer(815301076,1909f56bfc062723c751e8b465ee728b)
Start importing Assets/IMPORTED/POLY STYLE - Vegetation Pack 2/Vegetation Pack 2_URP/Prefabs/Environments/Environment_15.prefab using Guid(37f52714fe5c2634e940aee60a157dd7) Importer(815301076,1909f56bfc062723c751e8b465ee728b) [PhysX] Initialized MultithreadedTaskDispatcher with 12 workers.
[PhysX] Initialized MultithreadedTaskDispatcher with 12 workers.
 -> (artifact id: 'd90e92413853f5ca20baf95416ea7ed3') in 0.013142 seconds
Number of updated asset objects reloaded before import = 0
Number of asset objects unloaded after import = 10
========================================================================
Received Import Request.
  Time since last request: 0.000023 seconds.
  path: Assets/IMPORTED/POLY STYLE - Vegetation Pack 2/Vegetation Pack 2_URP/Prefabs/Environments/Grass_10.prefab
  artifactKey: Guid(32fcc1539728ba6478561701964e5b72) Importer(815301076,1909f56bfc062723c751e8b465ee728b)
Start importing Assets/IMPORTED/POLY STYLE - Vegetation Pack 2/Vegetation Pack 2_URP/Prefabs/Environments/Grass_10.prefab using Guid(32fcc1539728ba6478561701964e5b72) Importer(815301076,1909f56bfc062723c751e8b465ee728b) [PhysX] Initialized MultithreadedTaskDispatcher with 12 workers.
[PhysX] Initialized MultithreadedTaskDispatcher with 12 workers.
 -> (artifact id: '33ce152392121aad79e69f2d35e5b6c3') in 0.014278 seconds
Number of updated asset objects reloaded before import = 0
Number of asset objects unloaded after import = 10
========================================================================
Received Import Request.
  Time since last request: 0.000017 seconds.
  path: Assets/IMPORTED/POLY STYLE - Vegetation Pack 2/Vegetation Pack 2_URP/Prefabs/Environments/Stone_3.prefab
  artifactKey: Guid(dfa70e92edd5d9e448c96ac5c82b0cbd) Importer(815301076,1909f56bfc062723c751e8b465ee728b)
Start importing Assets/IMPORTED/POLY STYLE - Vegetation Pack 2/Vegetation Pack 2_URP/Prefabs/Environments/Stone_3.prefab using Guid(dfa70e92edd5d9e448c96ac5c82b0cbd) Importer(815301076,1909f56bfc062723c751e8b465ee728b) [PhysX] Initialized MultithreadedTaskDispatcher with 12 workers.
[PhysX] Initialized MultithreadedTaskDispatcher with 12 workers.
 -> (artifact id: 'e00fb5de26451a1835773e5de8facfcb') in 0.014521 seconds
Number of updated asset objects reloaded before import = 0
Number of asset objects unloaded after import = 11
========================================================================
Received Import Request.
  Time since last request: 0.000024 seconds.
  path: Assets/IMPORTED/POLY STYLE - Vegetation Pack 2/Vegetation Pack 2_URP/Prefabs/Environments/Environment_16.prefab
  artifactKey: Guid(0d86c6b112ce5bc4abec07d3f3ee371e) Importer(815301076,1909f56bfc062723c751e8b465ee728b)
Start importing Assets/IMPORTED/POLY STYLE - Vegetation Pack 2/Vegetation Pack 2_URP/Prefabs/Environments/Environment_16.prefab using Guid(0d86c6b112ce5bc4abec07d3f3ee371e) Importer(815301076,1909f56bfc062723c751e8b465ee728b) [PhysX] Initialized MultithreadedTaskDispatcher with 12 workers.
[PhysX] Initialized MultithreadedTaskDispatcher with 12 workers.
 -> (artifact id: '06bc257522d98c2df2375145d5795ad2') in 0.012099 seconds
Number of updated asset objects reloaded before import = 0
Number of asset objects unloaded after import = 11
========================================================================
Received Import Request.
  Time since last request: 0.000017 seconds.
  path: Assets/IMPORTED/POLY STYLE - Vegetation Pack 2/Vegetation Pack 2_URP/Prefabs/Environments/Environment_8.prefab
  artifactKey: Guid(0d74bd0c804f8634ba40bcf8c5b66cbd) Importer(815301076,1909f56bfc062723c751e8b465ee728b)
Start importing Assets/IMPORTED/POLY STYLE - Vegetation Pack 2/Vegetation Pack 2_URP/Prefabs/Environments/Environment_8.prefab using Guid(0d74bd0c804f8634ba40bcf8c5b66cbd) Importer(815301076,1909f56bfc062723c751e8b465ee728b) [PhysX] Initialized MultithreadedTaskDispatcher with 12 workers.
[PhysX] Initialized MultithreadedTaskDispatcher with 12 workers.
 -> (artifact id: '651e61ffc02c244dc56cf26dc77ac794') in 0.013111 seconds
Number of updated asset objects reloaded before import = 0
Number of asset objects unloaded after import = 11
========================================================================
Received Import Request.
  Time since last request: 0.000016 seconds.
  path: Assets/IMPORTED/POLY STYLE - Vegetation Pack 2/Vegetation Pack 2_URP/Prefabs/Environments/Environment_2.prefab
  artifactKey: Guid(a3e05ec547fe3fe48ac5b0b6b14caca2) Importer(815301076,1909f56bfc062723c751e8b465ee728b)
Start importing Assets/IMPORTED/POLY STYLE - Vegetation Pack 2/Vegetation Pack 2_URP/Prefabs/Environments/Environment_2.prefab using Guid(a3e05ec547fe3fe48ac5b0b6b14caca2) Importer(815301076,1909f56bfc062723c751e8b465ee728b) [PhysX] Initialized MultithreadedTaskDispatcher with 12 workers.
[PhysX] Initialized MultithreadedTaskDispatcher with 12 workers.
 -> (artifact id: '64bbe42b40c87c68b8baa428ecc3707e') in 0.012962 seconds
Number of updated asset objects reloaded before import = 0
Number of asset objects unloaded after import = 9
========================================================================
Received Import Request.
  Time since last request: 1.329142 seconds.
  path: Assets/IMPORTED/POLY STYLE - Vegetation Pack 2/Vegetation Pack 2_URP/Prefabs/DemoScene
  artifactKey: Guid(e1dffa31a3a1e9440bb3cc1995515268) Importer(815301076,1909f56bfc062723c751e8b465ee728b)
Start importing Assets/IMPORTED/POLY STYLE - Vegetation Pack 2/Vegetation Pack 2_URP/Prefabs/DemoScene using Guid(e1dffa31a3a1e9440bb3cc1995515268) Importer(815301076,1909f56bfc062723c751e8b465ee728b) [PhysX] Initialized MultithreadedTaskDispatcher with 12 workers.
 -> (artifact id: '1148d073248084bf32a3d43330c331f7') in 0.000767 seconds
Number of updated asset objects reloaded before import = 0
Number of asset objects unloaded after import = 0
========================================================================
Received Import Request.
  Time since last request: 0.088075 seconds.
  path: Assets/IMPORTED/POLY STYLE - Vegetation Pack 2/Vegetation Pack 2_URP/Prefabs/DemoScene/DemoScene.prefab
  artifactKey: Guid(309f0760ed4ade04da7a6bc9f5e5f8ad) Importer(815301076,1909f56bfc062723c751e8b465ee728b)
Start importing Assets/IMPORTED/POLY STYLE - Vegetation Pack 2/Vegetation Pack 2_URP/Prefabs/DemoScene/DemoScene.prefab using Guid(309f0760ed4ade04da7a6bc9f5e5f8ad) Importer(815301076,1909f56bfc062723c751e8b465ee728b) [PhysX] Initialized MultithreadedTaskDispatcher with 12 workers.
[PhysX] Initialized MultithreadedTaskDispatcher with 12 workers.
 -> (artifact id: 'd88990868c5cd6605a5712a00e749072') in 0.074671 seconds
Number of updated asset objects reloaded before import = 0
Number of asset objects unloaded after import = 206
========================================================================
Received Import Request.
  Time since last request: 11.452848 seconds.
  path: Assets/IMPORTED/POLY STYLE - Vegetation Pack 2/Vegetation Pack 2_URP/Art/Materials/Environments/Building-2.mat
  artifactKey: Guid(c12e9f9261aa6dd47871addc6049fa5e) Importer(815301076,1909f56bfc062723c751e8b465ee728b)
Start importing Assets/IMPORTED/POLY STYLE - Vegetation Pack 2/Vegetation Pack 2_URP/Art/Materials/Environments/Building-2.mat using Guid(c12e9f9261aa6dd47871addc6049fa5e) Importer(815301076,1909f56bfc062723c751e8b465ee728b) [PhysX] Initialized MultithreadedTaskDispatcher with 12 workers.
[PhysX] Initialized MultithreadedTaskDispatcher with 12 workers.
 -> (artifact id: '1d4cbc55fee2ea60274f0a59451963c6') in 0.022431 seconds
Number of updated asset objects reloaded before import = 0
Number of asset objects unloaded after import = 1
========================================================================
Received Import Request.
  Time since last request: 0.000015 seconds.
  path: Assets/IMPORTED/POLY STYLE - Vegetation Pack 2/Vegetation Pack 2_URP/Art/Materials/Environments/Building-8.mat
  artifactKey: Guid(37b292905e0195845a8b126f7d1f2584) Importer(815301076,1909f56bfc062723c751e8b465ee728b)
Start importing Assets/IMPORTED/POLY STYLE - Vegetation Pack 2/Vegetation Pack 2_URP/Art/Materials/Environments/Building-8.mat using Guid(37b292905e0195845a8b126f7d1f2584) Importer(815301076,1909f56bfc062723c751e8b465ee728b) [PhysX] Initialized MultithreadedTaskDispatcher with 12 workers.
[PhysX] Initialized MultithreadedTaskDispatcher with 12 workers.
 -> (artifact id: '781a9c2a399d4c4cacaa86bfcf0fa815') in 0.006263 seconds
Number of updated asset objects reloaded before import = 0
Number of asset objects unloaded after import = 1
========================================================================
Received Import Request.
  Time since last request: 0.000020 seconds.
  path: Assets/IMPORTED/POLY STYLE - Vegetation Pack 2/Vegetation Pack 2_URP/Art/Materials/Environments/Environment-5.mat
  artifactKey: Guid(f29cc128759dbb34b8b2727a85a7bcfd) Importer(815301076,1909f56bfc062723c751e8b465ee728b)
Start importing Assets/IMPORTED/POLY STYLE - Vegetation Pack 2/Vegetation Pack 2_URP/Art/Materials/Environments/Environment-5.mat using Guid(f29cc128759dbb34b8b2727a85a7bcfd) Importer(815301076,1909f56bfc062723c751e8b465ee728b) [PhysX] Initialized MultithreadedTaskDispatcher with 12 workers.
[PhysX] Initialized MultithreadedTaskDispatcher with 12 workers.
 -> (artifact id: '438ac2c08d8cb109caf11beb09ed797c') in 0.006792 seconds
Number of updated asset objects reloaded before import = 0
Number of asset objects unloaded after import = 1
========================================================================
Received Import Request.
  Time since last request: 0.000016 seconds.
  path: Assets/IMPORTED/POLY STYLE - Vegetation Pack 2/Vegetation Pack 2_URP/Art/Materials/Environments/Building-5.mat
  artifactKey: Guid(e1084eabaa90de443a63d8c59e09de35) Importer(815301076,1909f56bfc062723c751e8b465ee728b)
Start importing Assets/IMPORTED/POLY STYLE - Vegetation Pack 2/Vegetation Pack 2_URP/Art/Materials/Environments/Building-5.mat using Guid(e1084eabaa90de443a63d8c59e09de35) Importer(815301076,1909f56bfc062723c751e8b465ee728b) [PhysX] Initialized MultithreadedTaskDispatcher with 12 workers.
[PhysX] Initialized MultithreadedTaskDispatcher with 12 workers.
 -> (artifact id: '8262e195d4e689e795256750af5691de') in 0.005905 seconds
Number of updated asset objects reloaded before import = 0
Number of asset objects unloaded after import = 1
========================================================================
Received Import Request.
  Time since last request: 0.000017 seconds.
  path: Assets/IMPORTED/POLY STYLE - Vegetation Pack 2/Vegetation Pack 2_URP/Art/Materials/Environments/Terrain-4.mat
  artifactKey: Guid(e36cb533280f21f42903b5f1a9c56c7f) Importer(815301076,1909f56bfc062723c751e8b465ee728b)
Start importing Assets/IMPORTED/POLY STYLE - Vegetation Pack 2/Vegetation Pack 2_URP/Art/Materials/Environments/Terrain-4.mat using Guid(e36cb533280f21f42903b5f1a9c56c7f) Importer(815301076,1909f56bfc062723c751e8b465ee728b) [PhysX] Initialized MultithreadedTaskDispatcher with 12 workers.
[PhysX] Initialized MultithreadedTaskDispatcher with 12 workers.
 -> (artifact id: 'a81ae8636f34f1128ac2f79205567e32') in 0.005689 seconds
Number of updated asset objects reloaded before import = 0
Number of asset objects unloaded after import = 2
========================================================================
Received Import Request.
  Time since last request: 0.000016 seconds.
  path: Assets/IMPORTED/POLY STYLE - Vegetation Pack 2/Vegetation Pack 2_URP/Art/Materials/Environments/Terrain-3.mat
  artifactKey: Guid(90dd3d07375a2a446aa9e26137c2db79) Importer(815301076,1909f56bfc062723c751e8b465ee728b)
Start importing Assets/IMPORTED/POLY STYLE - Vegetation Pack 2/Vegetation Pack 2_URP/Art/Materials/Environments/Terrain-3.mat using Guid(90dd3d07375a2a446aa9e26137c2db79) Importer(815301076,1909f56bfc062723c751e8b465ee728b) [PhysX] Initialized MultithreadedTaskDispatcher with 12 workers.
[PhysX] Initialized MultithreadedTaskDispatcher with 12 workers.
 -> (artifact id: 'e7c4d9197c1ee96d327b5e08791e3898') in 0.005641 seconds
Number of updated asset objects reloaded before import = 0
Number of asset objects unloaded after import = 1
========================================================================
Received Import Request.
  Time since last request: 0.000013 seconds.
  path: Assets/IMPORTED/POLY STYLE - Vegetation Pack 2/Vegetation Pack 2_URP/Art/Materials/Environments/Environment-1.mat
  artifactKey: Guid(1fe50bfdad290b44cb923df9dcbcbbb1) Importer(815301076,1909f56bfc062723c751e8b465ee728b)
Start importing Assets/IMPORTED/POLY STYLE - Vegetation Pack 2/Vegetation Pack 2_URP/Art/Materials/Environments/Environment-1.mat using Guid(1fe50bfdad290b44cb923df9dcbcbbb1) Importer(815301076,1909f56bfc062723c751e8b465ee728b) [PhysX] Initialized MultithreadedTaskDispatcher with 12 workers.
[PhysX] Initialized MultithreadedTaskDispatcher with 12 workers.
 -> (artifact id: '50e9373d97e08413e69f206a3be42378') in 0.011487 seconds
Number of updated asset objects reloaded before import = 0
Number of asset objects unloaded after import = 1
========================================================================
Received Import Request.
  Time since last request: 0.000017 seconds.
  path: Assets/IMPORTED/POLY STYLE - Vegetation Pack 2/Vegetation Pack 2_URP/Art/Materials/Environments/Environment-6.mat
  artifactKey: Guid(95792ab1ae65728419f564ffb046a827) Importer(815301076,1909f56bfc062723c751e8b465ee728b)
Start importing Assets/IMPORTED/POLY STYLE - Vegetation Pack 2/Vegetation Pack 2_URP/Art/Materials/Environments/Environment-6.mat using Guid(95792ab1ae65728419f564ffb046a827) Importer(815301076,1909f56bfc062723c751e8b465ee728b) [PhysX] Initialized MultithreadedTaskDispatcher with 12 workers.
[PhysX] Initialized MultithreadedTaskDispatcher with 12 workers.
 -> (artifact id: '7787e2d91c03d6547803f8449ca79b9f') in 0.007271 seconds
Number of updated asset objects reloaded before import = 0
Number of asset objects unloaded after import = 1
========================================================================
Received Import Request.
  Time since last request: 22.408057 seconds.
  path: Assets/IMPORTED/POLY STYLE - Vegetation Pack 2/Vegetation Pack 2_URP/Art/Textures/Hill_B.png
  artifactKey: Guid(667b3e44958426b4992321defd449d45) Importer(815301076,1909f56bfc062723c751e8b465ee728b)
Start importing Assets/IMPORTED/POLY STYLE - Vegetation Pack 2/Vegetation Pack 2_URP/Art/Textures/Hill_B.png using Guid(667b3e44958426b4992321defd449d45) Importer(815301076,1909f56bfc062723c751e8b465ee728b) [PhysX] Initialized MultithreadedTaskDispatcher with 12 workers.
[PhysX] Initialized MultithreadedTaskDispatcher with 12 workers.
 -> (artifact id: '40a992a5b745769f9fa51e5e0aad66e9') in 0.022456 seconds
Number of updated asset objects reloaded before import = 0
Number of asset objects unloaded after import = 2
